2021-04-09T14:35:09Z D:\openserver\OpenServer\domains\Google-Cache-Parsing\output\finances\banking-sector\obnaruzhena-opasnaja-ujazvimost-monobank-denhi-ukhodjat-so-schetov-v-nikuda-3895427.html  SQL INSERT N1 NOT WORKING Duplicate entry '3895427-1' for key 'PRIMARY'  is NULL
2021-04-09T14:38:28Z D:\openserver\OpenServer\domains\Google-Cache-Parsing\output\finances\banking-sector\sekretnyj-tsirkuljar-nbu-sprovotsiroval-banki-na-massovoe-narushenie-zakona-o-finmone-3895711.html  SQL INSERT N1 NOT WORKING Duplicate entry '3895711-1' for key 'PRIMARY'  is NULL
2021-04-09T14:39:54Z D:\openserver\OpenServer\domains\Google-Cache-Parsing\output\finances\banking-sector\ukraina-ukhodit-na-dlinnye-vykhodnye-kak-budut-rabotat-banki-3900762.html  SQL INSERT N1 NOT WORKING Duplicate entry '3900762-1' for key 'PRIMARY'  is NULL
2021-04-09T14:40:50Z D:\openserver\OpenServer\domains\Google-Cache-Parsing\output\finances\banking-sector\ukraintsev-pri-oplate-onlajn-budut-proverjat-chashche-koho-kosnetsja-i-cheho-zhdat-3900900.html  SQL INSERT N1 NOT WORKING Duplicate entry '3900900-1' for key 'PRIMARY'  is NULL
2021-04-09T14:44:08Z D:\openserver\OpenServer\domains\Google-Cache-Parsing\output\finances\banking-sector\zlostnymi-dolzhnikami-zajmetsja-spetssud-zato-kredity-sushchestvenno-podeshevejut-3900049.html  SQL INSERT N1 NOT WORKING Duplicate entry '3900049-1' for key 'PRIMARY'  is NULL
2021-04-09T14:52:56Z D:\openserver\OpenServer\domains\Google-Cache-Parsing\output\finances\exchange-market\kakim-budet-kurs-dollara-v-marte-i-nuzhno-li-budet-bezhat-v-obmenniki-3900640.html  SQL INSERT N1 NOT WORKING Duplicate entry '3900640-1' for key 'PRIMARY'  is NULL
2021-04-09T15:03:16Z D:\openserver\OpenServer\domains\Google-Cache-Parsing\output\finances\finance-ukraine\bez-paypal-ukraina-nachala-perehovory-s-rjadom-zarubezhnykh-platezhnykh-sistem-3893691.html  SQL INSERT N1 NOT WORKING Duplicate entry '3893691-1' for key 'PRIMARY'  is NULL
2021-04-09T15:03:24Z D:\openserver\OpenServer\domains\Google-Cache-Parsing\output\finances\finance-ukraine\bohatejshaja-v-mire-semja-zarabatyvaet-4-mln-v-chas-3885548 (2).html  SQL INSERT N1 NOT WORKING Duplicate entry '548-1' for key 'PRIMARY'  is NULL
2021-04-09T15:03:29Z D:\openserver\OpenServer\domains\Google-Cache-Parsing\output\finances\finance-ukraine\chem-obernetsja-dlja-ukrainy-novoe-povyshenie-pensij-v-janvare-i-marte-2019-hoda-3879244 (2).html  SQL INSERT N1 NOT WORKING Duplicate entry '244-1' for key 'PRIMARY'  is NULL
2021-04-09T15:04:36Z D:\openserver\OpenServer\domains\Google-Cache-Parsing\output\finances\finance-ukraine\hosprohramm-nedostatochno-malyj-biznes-poshel-za-pomoshchju-v-kreditnye-sojuzy-3900568.html  SQL INSERT N1 NOT WORKING Duplicate entry '3900568-1' for key 'PRIMARY'  is NULL
2021-04-09T15:04:53Z D:\openserver\OpenServer\domains\Google-Cache-Parsing\output\finances\finance-ukraine\kak-proverit-nomer-svoeho-scheta-iban-v-privat24-3885368.html  SQL INSERT N1 NOT WORKING Duplicate entry '3885368-1' for key 'PRIMARY'  is NULL
2021-04-09T15:05:50Z D:\openserver\OpenServer\domains\Google-Cache-Parsing\output\finances\finance-ukraine\na-spasenie-naftohaza-napravjat-kovidnye-fondy-rehionov-3898672.html  SQL INSERT N1 NOT WORKING Duplicate entry '3898672-1' for key 'PRIMARY'  is NULL
2021-04-09T15:06:44Z D:\openserver\OpenServer\domains\Google-Cache-Parsing\output\finances\finance-ukraine\padenie-evro-i-dollara-k-chemu-privedet-rost-uchetnoj-stavki-nbu-vpervye-za-2-5-hoda-3900910.html  SQL INSERT N1 NOT WORKING Duplicate entry '3900910-1' for key 'PRIMARY'  is NULL
2021-04-09T15:06:50Z D:\openserver\OpenServer\domains\Google-Cache-Parsing\output\finances\finance-ukraine\pobediteli-i-pobezhdennye-kto-vyihral-i-proihral-iz-ukrainskoho-biznesa-na-pandemii-3900888.html  SQL INSERT N1 NOT WORKING Duplicate entry '3900888-1' for key 'PRIMARY'  is NULL
2021-04-09T15:10:15Z D:\openserver\OpenServer\domains\Google-Cache-Parsing\output\finances\finance-ukraine\virtualnye-aktivy-ili-realnye-vo-chto-vkladyvajut-denhi-chastnye-investory-3900885.html  SQL INSERT N1 NOT WORKING Duplicate entry '3900885-1' for key 'PRIMARY'  is NULL
2021-04-09T15:11:32Z D:\openserver\OpenServer\domains\Google-Cache-Parsing\output\finances\macroeconomics-ukraine\bitva-za-premii-naftohaz-predlozhil-obvalit-hrivnu-3895746.html  SQL INSERT N1 NOT WORKING Duplicate entry '3895746-1' for key 'PRIMARY'  is NULL
2021-04-09T15:17:16Z D:\openserver\OpenServer\domains\Google-Cache-Parsing\output\finances\macroeconomics-ukraine\natsbank-podnjal-uchetnuju-stavku-vpervye-za-vosem-mesjatsev-3900876.html  SQL INSERT N1 NOT WORKING Duplicate entry '3900876-1' for key 'PRIMARY'  is NULL
2021-04-09T15:25:11Z D:\openserver\OpenServer\domains\Google-Cache-Parsing\output\finances\stock-market\chto-takoe-bitkoin-i-kak-zarabotat-na-kriptovaljutakh-3898877.html  SQL INSERT N1 NOT WORKING Duplicate entry '3898877-1' for key 'PRIMARY'  is NULL
2021-04-09T15:29:57Z D:\openserver\OpenServer\domains\Google-Cache-Parsing\output\finances\taxes\novye-scheta-esv-novye-rekvizity-esv-2021-dlja-uplaty-nalohov-3900432.html  SQL INSERT N1 NOT WORKING Duplicate entry '3900432-1' for key 'PRIMARY'  is NULL
2021-04-09T15:30:42Z D:\openserver\OpenServer\domains\Google-Cache-Parsing\output\finances\taxes\proshchaj-dekriminalizatsija-za-neuplatu-nalohov-i-esv-budut-sazhat-3900111.html  SQL INSERT N1 NOT WORKING Duplicate entry '3900111-1' for key 'PRIMARY'  is NULL
2021-04-09T15:31:01Z D:\openserver\OpenServer\domains\Google-Cache-Parsing\output\finances\taxes\s-ukraintsev-predlahajut-po-novomu-vzymat-ndfl-chto-pridumali-sluhi-naroda-3890428.html  SQL INSERT N1 NOT WORKING Duplicate entry '3890428-1' for key 'PRIMARY'  is NULL
2021-04-09T15:31:24Z D:\openserver\OpenServer\domains\Google-Cache-Parsing\output\finances\taxes\top-3-ihornye-kompanii-zhdut-reshenija-po-naloham-chtoby-zajti-v-ukrainu-3900677.html  SQL INSERT N1 NOT WORKING Duplicate entry '3900677-1' for key 'PRIMARY'  is NULL
2021-04-09T15:33:22Z D:\openserver\OpenServer\domains\Google-Cache-Parsing\output\finances\taxes\vesnoj-zhdite-shtraf-fopam-massovo-risujut-nesushchestvujushchie-dolhi-3900518.html  SQL INSERT N1 NOT WORKING Duplicate entry '3900518-1' for key 'PRIMARY'  is NULL
2021-04-09T15:34:14Z D:\openserver\OpenServer\domains\Google-Cache-Parsing\output\finances\zhilishhno-kommunalnoe-hozjajstvo\45-postavshchikov-haza-u-koho-vyhodnee-pokupat-3897174.html  SQL INSERT N1 NOT WORKING Duplicate entry '3897174-1' for key 'PRIMARY'  is NULL
2021-04-09T15:34:28Z D:\openserver\OpenServer\domains\Google-Cache-Parsing\output\finances\zhilishhno-kommunalnoe-hozjajstvo\bitva-za-vybory-dolhovoj-krizis-na-rynke-haza-ispolzuetsja-kak-instrument-v-politicheskoj-borbe-3896421.html  SQL INSERT N1 NOT WORKING Duplicate entry '3896421-1' for key 'PRIMARY'  is NULL
2021-04-09T15:34:31Z D:\openserver\OpenServer\domains\Google-Cache-Parsing\output\finances\zhilishhno-kommunalnoe-hozjajstvo\blekaut-2020-ukraintsev-zhdet-massovoe-otkljuchenie-ot-teplosnabzhenija-etoj-zimoj-3895329.html  SQL INSERT N1 NOT WORKING Duplicate entry '3895329-1' for key 'PRIMARY'  is NULL
2021-04-09T15:34:56Z D:\openserver\OpenServer\domains\Google-Cache-Parsing\output\finances\zhilishhno-kommunalnoe-hozjajstvo\dolhi-za-haz-iz-vozdukha-v-proshlom-oblhazy-otmenili-koeffitsienty-privedenija-k-standartnym-uslovijam-3900227.html  SQL INSERT N1 NOT WORKING Duplicate entry '3900227-1' for key 'PRIMARY'  is NULL
2021-04-09T15:35:12Z D:\openserver\OpenServer\domains\Google-Cache-Parsing\output\finances\zhilishhno-kommunalnoe-hozjajstvo\haz-perestanut-schitat-v-kubakh-v-platezhkakh-eho-stoimost-vyrastet-3894024.html  SQL INSERT N1 NOT WORKING Duplicate entry '3894024-1' for key 'PRIMARY'  is NULL
2021-04-09T15:35:30Z D:\openserver\OpenServer\domains\Google-Cache-Parsing\output\finances\zhilishhno-kommunalnoe-hozjajstvo\hazovyj-dtek-naftohaz-nachal-zakhvatyvat-rynok-teploenerhetiki-3895556.html  SQL INSERT N1 NOT WORKING Duplicate entry '3895556-1' for key 'PRIMARY'  is NULL
2021-04-09T15:35:32Z D:\openserver\OpenServer\domains\Google-Cache-Parsing\output\finances\zhilishhno-kommunalnoe-hozjajstvo\hazsbyty-prodajut-v-minus-skidku-na-haz-oplatjat-iz-svoikh-karmanov-vse-ukraintsy-3899939.html  SQL INSERT N1 NOT WORKING Duplicate entry '3899939-1' for key 'PRIMARY'  is NULL
2021-04-09T15:36:59Z D:\openserver\OpenServer\domains\Google-Cache-Parsing\output\finances\zhilishhno-kommunalnoe-hozjajstvo\klientov-otrezajut-ot-setej-hazovaja-vojna-za-peredel-rynka-pereshla-v-sudebnuju-ploskost-3900516.html  SQL INSERT N1 NOT WORKING Duplicate entry '3900516-1' for key 'PRIMARY'  is NULL
2021-04-09T15:37:14Z D:\openserver\OpenServer\domains\Google-Cache-Parsing\output\finances\zhilishhno-kommunalnoe-hozjajstvo\konets-monopolii-naftohaza-ukraintsy-poluchat-haz-cherez-birzhu-3893737.html  SQL INSERT N1 NOT WORKING Duplicate entry '3893737-1' for key 'PRIMARY'  is NULL
2021-04-09T15:38:08Z D:\openserver\OpenServer\domains\Google-Cache-Parsing\output\finances\zhilishhno-kommunalnoe-hozjajstvo\naftohaz-tolkaet-haz-k-podorozhaniju-do-8-hrn-3895915.html  SQL INSERT N1 NOT WORKING Duplicate entry '3895915-1' for key 'PRIMARY'  is NULL
2021-04-09T15:38:29Z D:\openserver\OpenServer\domains\Google-Cache-Parsing\output\finances\zhilishhno-kommunalnoe-hozjajstvo\nkreku-peredumala-kak-podorozhajut-hazovye-platezhki-s-1-ijulja-po-oblastjam-3893898.html  SQL INSERT N1 NOT WORKING Duplicate entry '3893898-1' for key 'PRIMARY'  is NULL
2021-04-09T15:38:32Z D:\openserver\OpenServer\domains\Google-Cache-Parsing\output\finances\zhilishhno-kommunalnoe-hozjajstvo\nkreku-vpervye-lishila-litsenzii-postavshchika-haza-voroval-klientov-3900215.html  SQL INSERT N1 NOT WORKING Duplicate entry '3900215-1' for key 'PRIMARY'  is NULL
2021-04-09T15:38:37Z D:\openserver\OpenServer\domains\Google-Cache-Parsing\output\finances\zhilishhno-kommunalnoe-hozjajstvo\novaja-tsena-na-haz-uzhe-s-fevralja-kak-vitrenko-sobralsja-snizhat-platezhki-na-44-3899057.html  SQL INSERT N1 NOT WORKING Duplicate entry '3899057-1' for key 'PRIMARY'  is NULL
2021-04-09T15:39:24Z D:\openserver\OpenServer\domains\Google-Cache-Parsing\output\finances\zhilishhno-kommunalnoe-hozjajstvo\platezhki-za-fevral-2021-hoda-pochemu-ne-stoit-zhdat-skidok-ot-pravitelstva-3900742.html  SQL INSERT N1 NOT WORKING Duplicate entry '3900742-1' for key 'PRIMARY'  is NULL
2021-04-09T15:39:26Z D:\openserver\OpenServer\domains\Google-Cache-Parsing\output\finances\zhilishhno-kommunalnoe-hozjajstvo\platezhki-za-teplo-diskont-v-500-hrn-uzhe-ne-spaset-3899246.html  SQL INSERT N1 NOT WORKING Duplicate entry '3899246-1' for key 'PRIMARY'  is NULL
2021-04-09T15:39:35Z D:\openserver\OpenServer\domains\Google-Cache-Parsing\output\finances\zhilishhno-kommunalnoe-hozjajstvo\podorozhanie-na-200-naftohaz-sprovotsiroval-bespretsedentnyj-skachok-tsen-na-haz-dlja-naselenija-3897103.html  SQL INSERT N1 NOT WORKING Duplicate entry '3897103-1' for key 'PRIMARY'  is NULL
2021-04-09T15:40:05Z D:\openserver\OpenServer\domains\Google-Cache-Parsing\output\finances\zhilishhno-kommunalnoe-hozjajstvo\preview-kommunalnye-platezhki-pridut-ukraintsam-v-novom-vide-hlavnye-njuansy-3883998.html  SQL INSERT N1 NOT WORKING Duplicate entry '3883998-1' for key 'PRIMARY'  is NULL
2021-04-09T15:40:12Z D:\openserver\OpenServer\domains\Google-Cache-Parsing\output\finances\zhilishhno-kommunalnoe-hozjajstvo\rehuljator-objazal-vsekh-postavshchikov-pokazat-hodovye-tarify-na-haz-do-25-aprelja-3900923.html  SQL INSERT N1 NOT WORKING Duplicate entry '3900923-1' for key 'PRIMARY'  is NULL
2021-04-09T15:40:26Z D:\openserver\OpenServer\domains\Google-Cache-Parsing\output\finances\zhilishhno-kommunalnoe-hozjajstvo\schetchik-ne-spaset-v-2020-hodu-za-haz-pridetsja-platit-dazhe-bez-eho-potreblenija-3889488.html  SQL INSERT N1 NOT WORKING Duplicate entry '3889488-1' for key 'PRIMARY'  is NULL
2021-04-09T15:43:07Z D:\openserver\OpenServer\domains\Google-Cache-Parsing\output\finances\zhilishhno-kommunalnoe-hozjajstvo\v-2019-hodu-tsena-za-haz-okazalas-neopravdanno-zavyshena-na-33-a-tarify-na-otoplenie-na-25-rassledovanie-3891328.html  SQL INSERT N1 NOT WORKING Duplicate entry '3891328-1' for key 'PRIMARY'  is NULL
2021-04-09T15:45:01Z D:\openserver\OpenServer\domains\Google-Cache-Parsing\output\finances\zhilishhno-kommunalnoe-hozjajstvo\za-chetyre-hoda-tsena-haza-vyrosla-v-10-raz-cheho-zhdat-v-otopitelnyj-sezon-2020-3896707.html  SQL INSERT N1 NOT WORKING Duplicate entry '3896707-1' for key 'PRIMARY'  is NULL
2021-04-09T15:45:06Z D:\openserver\OpenServer\domains\Google-Cache-Parsing\output\finances\zhilishhno-kommunalnoe-hozjajstvo\zakonoproekt-3800-napisan-v-ukrtranshaze-zamhlavy-komiteta-rady-3895844.html  SQL INSERT N1 NOT WORKING Duplicate entry '3895844-1' for key 'PRIMARY'  is NULL
2021-04-09T15:45:15Z D:\openserver\OpenServer\domains\Google-Cache-Parsing\output\finances\zhilishhno-kommunalnoe-hozjajstvo\zelenskij-khochet-otmenit-formulu-rotterdam-3883733.html  SQL INSERT N1 NOT WORKING Duplicate entry '3883733-1' for key 'PRIMARY'  is NULL
2021-04-09T15:48:19Z D:\openserver\OpenServer\domains\Google-Cache-Parsing\output\labor-market\ukrainian-labor-market\koho-ukrainskie-rabotodateli-budut-iskat-chashche-vseho-vesnoj-3900958.html  SQL INSERT N1 NOT WORKING Duplicate entry '3900958-1' for key 'PRIMARY'  is NULL
2021-04-09T15:51:27Z D:\openserver\OpenServer\domains\Google-Cache-Parsing\output\labor-market\ukrainian-labor-market\vakansii-na-ubrua-3900364.html  SQL INSERT N1 NOT WORKING Duplicate entry '3900364-1' for key 'PRIMARY'  is NULL
2021-04-09T15:51:30Z D:\openserver\OpenServer\domains\Google-Cache-Parsing\output\labor-market\ukrainian-labor-market\vtoraja-pensija-200-kak-poluchit-nadbavku-posle-nakopitelnoj-reformy-kotoraja-zatronet-vsekh-3899328.html  SQL INSERT N1 NOT WORKING Duplicate entry '3899328-1' for key 'PRIMARY'  is NULL
2021-04-09T15:55:34Z D:\openserver\OpenServer\domains\Google-Cache-Parsing\output\leisure\health\vsja-pravda-o-korejskoj-kosmetike-3897911.html  SQL INSERT N1 NOT WORKING Duplicate entry '3897911-1' for key 'PRIMARY'  is NULL
2021-04-09T15:56:15Z D:\openserver\OpenServer\domains\Google-Cache-Parsing\output\leisure\kino-na-valentina-10-romanticheskikh-filmov-dlja-dvoikh-3880216.html  SQL INSERT N1 NOT WORKING Duplicate entry '3880216-1' for key 'PRIMARY'  is NULL
2021-04-09T15:56:31Z D:\openserver\OpenServer\domains\Google-Cache-Parsing\output\leisure\style\dveri-dlja-doma-hde-kupit-3898992.html  SQL INSERT N1 NOT WORKING Duplicate entry '3898992-1' for key 'PRIMARY'  is NULL
2021-04-09T15:57:26Z D:\openserver\OpenServer\domains\Google-Cache-Parsing\output\leisure\travel\turoperatory-budut-rabotat-s-minimalnoj-marzhoj-skolko-ukraintsy-zaplatjat-za-letnij-otdykh-v-2021-m-3899624.html  SQL INSERT N1 NOT WORKING Duplicate entry '3899624-1' for key 'PRIMARY'  is NULL
2021-04-09T16:05:09Z D:\openserver\OpenServer\domains\Google-Cache-Parsing\output\market\auto\kakie-novye-krossovery-pojavilis-v-ukraine-i-za-skolko-mozhno-kupit-3900820.html  SQL INSERT N1 NOT WORKING Duplicate entry '3900820-1' for key 'PRIMARY'  is NULL
2021-04-09T16:06:56Z D:\openserver\OpenServer\domains\Google-Cache-Parsing\output\market\auto\nazvany-populjarnye-avtomobili-kotorye-luchshe-nikohda-ne-pokupat-3887146.html  SQL INSERT N1 NOT WORKING Duplicate entry '3887146-1' for key 'PRIMARY'  is NULL
2021-04-09T16:14:51Z D:\openserver\OpenServer\domains\Google-Cache-Parsing\output\market\industrial\asbest-svojstva-primenenie-vred-i-kharakteristiki-minerala-3878232.html  SQL INSERT N1 NOT WORKING Duplicate entry '3878232-1' for key 'PRIMARY'  is NULL
2021-04-09T16:16:16Z D:\openserver\OpenServer\domains\Google-Cache-Parsing\output\market\industrial\hazovyj-krestovyj-pokhod-naftohaz-otkryl-novyj-front-v-vojne-na-rynke-haza-3896235.html  SQL INSERT N1 NOT WORKING Duplicate entry '3896235-1' for key 'PRIMARY'  is NULL
2021-04-09T16:16:24Z D:\openserver\OpenServer\domains\Google-Cache-Parsing\output\market\industrial\hlava-naftohaza-kobolev-chetyre-hoda-poluchaet-premii-ne-vypolnjaja-kpi-ekspert-3899796.html  SQL INSERT N1 NOT WORKING Duplicate entry '3899796-1' for key 'PRIMARY'  is NULL
2021-04-09T16:18:12Z D:\openserver\OpenServer\domains\Google-Cache-Parsing\output\market\industrial\naftohaz-otdeljat-ot-hosudarstva-kobolev-stoit-dorozhe-nabsoveta-ukrzaliznytsi-3896978.html  SQL INSERT N1 NOT WORKING Duplicate entry '3896978-1' for key 'PRIMARY'  is NULL
2021-04-09T16:19:55Z D:\openserver\OpenServer\domains\Google-Cache-Parsing\output\market\industrial\privatizatsija-ukrainskikh-spirtzavodov-pochemu-investory-terjajut-milliony-3900713.html  SQL INSERT N1 NOT WORKING Duplicate entry '3900713-1' for key 'PRIMARY'  is NULL
2021-04-09T16:22:32Z D:\openserver\OpenServer\domains\Google-Cache-Parsing\output\market\industrial\ukraina-opjat-zaprosila-avarijnuju-pomoshch-iz-belarusi-iz-za-ostanovki-enerhoblokov-tes-akhmetova-smi-3899784.html  SQL INSERT N1 NOT WORKING Duplicate entry '3899784-1' for key 'PRIMARY'  is NULL
2021-04-09T16:27:53Z D:\openserver\OpenServer\domains\Google-Cache-Parsing\output\market\real-estate\arenda-kievskikh-kvartir-za-hod-podorozhala-na-20-kakikh-tsen-zhdat-v-2019-m-3879716.html  SQL INSERT N1 NOT WORKING Duplicate entry '3879716-1' for key 'PRIMARY'  is NULL
2021-04-09T16:28:40Z D:\openserver\OpenServer\domains\Google-Cache-Parsing\output\market\real-estate\doma-ukrbuda-sdajut-nedostroennymi-investory-pishut-pretenzii-v-kievhorstroj-3895879.html  SQL INSERT N1 NOT WORKING Duplicate entry '3895879-1' for key 'PRIMARY'  is NULL
2021-04-09T16:29:33Z D:\openserver\OpenServer\domains\Google-Cache-Parsing\output\market\real-estate\kak-poluchit-kredit-na-zhile-v-2021-m-poshahovaja-instruktsija-3900523.html  SQL INSERT N1 NOT WORKING Duplicate entry '3900523-1' for key 'PRIMARY'  is NULL
2021-04-09T16:29:54Z D:\openserver\OpenServer\domains\Google-Cache-Parsing\output\market\real-estate\kievhorstroj-ne-prinimaet-dokumenty-ukrbudovtsev-zhitlo-kapital-3899953.html  SQL INSERT N1 NOT WORKING Duplicate entry '3899953-1' for key 'PRIMARY'  is NULL
2021-04-09T16:29:54Z D:\openserver\OpenServer\domains\Google-Cache-Parsing\output\market\real-estate\kievhorstroj-ne-vzjal-pered-ukrbudovtsami-objazatelstv-zastrojshchika-ffs-3900957.html  SQL INSERT N1 NOT WORKING Duplicate entry '3900957-1' for key 'PRIMARY'  is NULL
2021-04-09T16:29:54Z D:\openserver\OpenServer\domains\Google-Cache-Parsing\output\market\real-estate\kievhorstroj-ne-znaet-komu-ranshe-byli-prodany-kvartiry-ukrbuda-3899947.html  SQL INSERT N1 NOT WORKING Duplicate entry '3899947-1' for key 'PRIMARY'  is NULL
2021-04-09T16:29:56Z D:\openserver\OpenServer\domains\Google-Cache-Parsing\output\market\real-estate\kievhorstroj-otkazalsja-ot-svoikh-objazannostej-po-oformleniju-prav-sobstvennosti-ukrbudovtsev-3899881.html  SQL INSERT N1 NOT WORKING Duplicate entry '3899881-1' for key 'PRIMARY'  is NULL
2021-04-09T16:29:59Z D:\openserver\OpenServer\domains\Google-Cache-Parsing\output\market\real-estate\kievhorstroj-provalil-sdachu-puskovoj-pjaterki-ukrbuda-rynok-pervichki-ostanavlivaetsja-3896360.html  SQL INSERT N1 NOT WORKING Duplicate entry '3896360-1' for key 'PRIMARY'  is NULL
2021-04-09T16:30:00Z D:\openserver\OpenServer\domains\Google-Cache-Parsing\output\market\real-estate\kievhorstroj-sdaet-doma-bez-elektrichestva-hasi-ne-prinimaet-3897405.html  SQL INSERT N1 NOT WORKING Duplicate entry '3897405-1' for key 'PRIMARY'  is NULL
2021-04-09T16:30:02Z D:\openserver\OpenServer\domains\Google-Cache-Parsing\output\market\real-estate\kievhorstroj-snosit-detskij-sadik-chtoby-vstavit-lishnjuju-svechku-v-zhk-akadempark-3900848.html  SQL INSERT N1 NOT WORKING Duplicate entry '3900848-1' for key 'PRIMARY'  is NULL
2021-04-09T16:30:02Z D:\openserver\OpenServer\domains\Google-Cache-Parsing\output\market\real-estate\kievhorstroj-stroit-odnovremenno-27-zhk-tolko-v-kieve-hlava-kompanii-3899733.html  SQL INSERT N1 NOT WORKING Duplicate entry '3899733-1' for key 'PRIMARY'  is NULL
2021-04-09T16:31:11Z D:\openserver\OpenServer\domains\Google-Cache-Parsing\output\market\real-estate\nesmotrja-na-ohranichenija-chastju-ukrainskoj-zemli-vladejut-ssha-i-saudovskaja-aravija-3886169.html  SQL INSERT N1 NOT WORKING Duplicate entry '3886169-1' for key 'PRIMARY'  is NULL
2021-04-09T16:31:39Z D:\openserver\OpenServer\domains\Google-Cache-Parsing\output\market\real-estate\pokupatelej-kvartir-budut-vnosit-v-reestr-investorov-3897743.html  SQL INSERT N1 NOT WORKING Duplicate entry '3897743-1' for key 'PRIMARY'  is NULL
2021-04-09T16:32:09Z D:\openserver\OpenServer\domains\Google-Cache-Parsing\output\market\real-estate\rejderskij-zakhvat-v-ukraine-skhemy-i-metody-kak-zashchitit-imushchestvo-3900768.html  SQL INSERT N1 NOT WORKING Duplicate entry '3900768-1' for key 'PRIMARY'  is NULL
2021-04-09T16:32:40Z D:\openserver\OpenServer\domains\Google-Cache-Parsing\output\market\real-estate\slozhnosti-u-kievhorstroja-byli-vyzvany-lokdaunom-hlava-kompanii-3899678.html  SQL INSERT N1 NOT WORKING Duplicate entry '3899678-1' for key 'PRIMARY'  is NULL
2021-04-09T16:33:02Z D:\openserver\OpenServer\domains\Google-Cache-Parsing\output\market\real-estate\stroit-bankrot-kto-podstavil-ukrbudovtsev-i-obestsenil-ikh-prava-3900811.html  SQL INSERT N1 NOT WORKING Duplicate entry '3900811-1' for key 'PRIMARY'  is NULL
2021-04-09T16:34:22Z D:\openserver\OpenServer\domains\Google-Cache-Parsing\output\market\real-estate\ukrbud-vypotroshili-ischezla-tekhnika-i-sotni-hotovykh-kvartir-na-75-mln-mikitas-3896190.html  SQL INSERT N1 NOT WORKING Duplicate entry '3896190-1' for key 'PRIMARY'  is NULL
2021-04-09T16:34:22Z D:\openserver\OpenServer\domains\Google-Cache-Parsing\output\market\real-estate\ukrbudovtsy-ne-poluchat-prava-sobstvennosti-na-zhile-ot-kievhorstroja-3899837.html  SQL INSERT N1 NOT WORKING Duplicate entry '3899837-1' for key 'PRIMARY'  is NULL
2021-04-09T16:34:23Z D:\openserver\OpenServer\domains\Google-Cache-Parsing\output\market\real-estate\ukrbudovtsy-okazyvali-davlenie-chtoby-byl-podpisan-nepolnotsennyj-dohovor-s-kievhorstroem-ffs-3900955.html  SQL INSERT N1 NOT WORKING Duplicate entry '3900955-1' for key 'PRIMARY'  is NULL
2021-04-09T16:36:15Z D:\openserver\OpenServer\domains\Google-Cache-Parsing\output\market\real-estate\vinovat-kievhorstroj-hasi-objasnila-prichiny-zaderzhki-v-sdache-zhk-ukrbuda-3900094.html  SQL INSERT N1 NOT WORKING Duplicate entry '3900094-1' for key 'PRIMARY'  is NULL
2021-04-09T16:36:38Z D:\openserver\OpenServer\domains\Google-Cache-Parsing\output\market\real-estate\vykupit-tekhpasport-u-zastrojshchika-novye-pravila-oformlenija-prav-sobstvennosti-dlja-ukrbudovtsev-3900285.html  SQL INSERT N1 NOT WORKING Duplicate entry '3900285-1' for key 'PRIMARY'  is NULL
2021-04-09T16:36:40Z D:\openserver\OpenServer\domains\Google-Cache-Parsing\output\market\real-estate\za-dokumentami-na-kvartiry-prikhoditsja-pobehat-komu-iz-ukrbudovtsev-ne-povezlo-s-zastrojshchikom-3900767.html  SQL INSERT N1 NOT WORKING Duplicate entry '3900767-1' for key 'PRIMARY'  is NULL
2021-04-09T16:36:41Z D:\openserver\OpenServer\domains\Google-Cache-Parsing\output\market\real-estate\zabyli-ob-invalidakh-hasi-otkazala-kievhorstroju-vo-vvode-v-ekspluatatsiju-ukrbudovskoho-zhk-3897644.html  SQL INSERT N1 NOT WORKING Duplicate entry '3897644-1' for key 'PRIMARY'  is NULL
2021-04-09T16:38:45Z D:\openserver\OpenServer\domains\Google-Cache-Parsing\output\market\telecom\kakimi-tarifami-poradujut-mobilnye-operatory-na-novyj-hod-3889421.html  SQL INSERT N1 NOT WORKING Duplicate entry '3889421-1' for key 'PRIMARY'  is NULL
2021-04-09T16:40:10Z D:\openserver\OpenServer\domains\Google-Cache-Parsing\output\market\telecom\lifecell-zapustil-novyj-bezlimitnyj-paket-3881419 (2).html  SQL INSERT N1 NOT WORKING Duplicate entry '419-1' for key 'PRIMARY'  is NULL
2021-04-09T16:41:26Z D:\openserver\OpenServer\domains\Google-Cache-Parsing\output\market\telecom\pervym-v-ukraine-smenil-operatora-s-sokhraneniem-nomera-abonent-lifecell-3882490 (2).html  SQL INSERT N1 NOT WORKING Duplicate entry '490-1' for key 'PRIMARY'  is NULL
2021-04-09T16:42:25Z D:\openserver\OpenServer\domains\Google-Cache-Parsing\output\market\telecom\sputnikovoe-tv-viasat-uprostil-nastrojku-tarelok-3892522 (2).html  SQL INSERT N1 NOT WORKING Duplicate entry '522-1' for key 'PRIMARY'  is NULL
2021-04-09T16:46:19Z D:\openserver\OpenServer\domains\Google-Cache-Parsing\output\market\trade\defitsit-vesennikh-tsvetov-skolko-budut-stoit-tjulpany-na-8-marta-3900809.html  SQL INSERT N1 NOT WORKING Duplicate entry '3900809-1' for key 'PRIMARY'  is NULL
2021-04-09T16:47:43Z D:\openserver\OpenServer\domains\Google-Cache-Parsing\output\market\trade\izvestnaja-set-mahazinov-elektroniki-uklonjalas-ot-uplaty-nalohov-ispolzuja-skhemu-s-fopami-3898538 (2).html  SQL INSERT N1 NOT WORKING Duplicate entry '538-1' for key 'PRIMARY'  is NULL
2021-04-09T16:53:13Z D:\openserver\OpenServer\domains\Google-Cache-Parsing\output\market\trade\skandalnaja-pokupka-doli-v-tsitruse-kak-pokupateljam-auknetsja-zakhod-v-kompaniju-korbana-3900832.html  SQL INSERT N1 NOT WORKING Duplicate entry '3900832-1' for key 'PRIMARY'  is NULL
2021-04-09T16:58:19Z D:\openserver\OpenServer\domains\Google-Cache-Parsing\output\market\trade\v-ukrainu-massovo-zavozjat-deshevuju-svininu-iz-danii-i-polshi-v-chem-prichiny-3900874.html  SQL INSERT N1 NOT WORKING Duplicate entry '3900874-1' for key 'PRIMARY'  is NULL
2021-04-09T17:03:47Z D:\openserver\OpenServer\domains\Google-Cache-Parsing\output\market\transport\metro-na-vinohradar-kievmetrostroj-preodolel-ocherednuju-otmetku-tonnelja-do-stantsii-syrets-video-foto-3899770.html  SQL INSERT N1 NOT WORKING Duplicate entry '3899770-1' for key 'PRIMARY'  is NULL
2021-04-09T17:14:15Z D:\openserver\OpenServer\domains\Google-Cache-Parsing\output\ukraine-and-world\events\aleksej-venediktov-nelzja-zakryvat-smi-potomu-chto-prezident-schitaet-chto-oni-ne-rabotajut-na-neho-3899960.html  SQL INSERT N1 NOT WORKING Duplicate entry '3899960-1' for key 'PRIMARY'  is NULL
2021-04-09T17:14:39Z D:\openserver\OpenServer\domains\Google-Cache-Parsing\output\ukraine-and-world\events\bezpechne-povitrja-vdoma-i-v-ofisi-dopomozhe-ochisnik-daikin-3899008.html  SQL INSERT N1 NOT WORKING Duplicate entry '3899008-1' for key 'PRIMARY'  is NULL
2021-04-09T17:14:56Z D:\openserver\OpenServer\domains\Google-Cache-Parsing\output\ukraine-and-world\events\choho-ne-varto-robiti-koli-oformljajete-kredit-4-pomilki-3896990.html  SQL INSERT N1 NOT WORKING Duplicate entry '3896990-1' for key 'PRIMARY'  is NULL
2021-04-09T17:15:00Z D:\openserver\OpenServer\domains\Google-Cache-Parsing\output\ukraine-and-world\events\demohrafichne-divo-polohovoho-budinku-leleka-3899714.html  SQL INSERT N1 NOT WORKING Duplicate entry '3899714-1' for key 'PRIMARY'  is NULL
2021-04-09T17:15:41Z D:\openserver\OpenServer\domains\Google-Cache-Parsing\output\ukraine-and-world\events\fiskalizatsija-i-rabota-v-pravovom-pole-vybor-v-polzu-tsivilizatsii-i-blahosostojanija-hosudarstva-3900727.html  SQL INSERT N1 NOT WORKING Duplicate entry '3900727-1' for key 'PRIMARY'  is NULL
2021-04-09T17:16:26Z D:\openserver\OpenServer\domains\Google-Cache-Parsing\output\ukraine-and-world\events\jazykovoj-zakon-i-chto-delat-s-sajtom-3899181.html  SQL INSERT N1 NOT WORKING Duplicate entry '3899181-1' for key 'PRIMARY'  is NULL
2021-04-09T17:16:39Z D:\openserver\OpenServer\domains\Google-Cache-Parsing\output\ukraine-and-world\events\kak-pravilno-oformit-nasledstvo-3899160.html  SQL INSERT N1 NOT WORKING Duplicate entry '3899160-1' for key 'PRIMARY'  is NULL
2021-04-09T17:16:39Z D:\openserver\OpenServer\domains\Google-Cache-Parsing\output\ukraine-and-world\events\kak-prodavat-na-amazon-3897838.html  SQL INSERT N1 NOT WORKING Duplicate entry '3897838-1' for key 'PRIMARY'  is NULL
2021-04-09T17:17:05Z D:\openserver\OpenServer\domains\Google-Cache-Parsing\output\ukraine-and-world\events\kompanija-mars-vidkrila-eksperimentalnij-mahazin-mms-jakim-mozhna-prohuljatisja-onlajn-3900241.html  SQL INSERT N1 NOT WORKING Duplicate entry '3900241-1' for key 'PRIMARY'  is NULL
2021-04-09T17:17:30Z D:\openserver\OpenServer\domains\Google-Cache-Parsing\output\ukraine-and-world\events\medvedchuk-oboshel-poroshenko-v-alternativnom-oprose-sotsmonitorinha-3899734.html  SQL INSERT N1 NOT WORKING Duplicate entry '3899734-1' for key 'PRIMARY'  is NULL
2021-04-09T17:17:38Z D:\openserver\OpenServer\domains\Google-Cache-Parsing\output\ukraine-and-world\events\mirovye-smi-shiroko-obsuzhdajut-vozmozhnost-proizvodstva-vaktsiny-v-ukraine-3898954.html  SQL INSERT N1 NOT WORKING Duplicate entry '3898954-1' for key 'PRIMARY'  is NULL
2021-04-09T17:19:52Z D:\openserver\OpenServer\domains\Google-Cache-Parsing\output\ukraine-and-world\events\rada-partii-sotsopros-rts-3894198.html  SQL INSERT N1 NOT WORKING Duplicate entry '3894198-1' for key 'PRIMARY'  is NULL
2021-04-09T17:21:15Z D:\openserver\OpenServer\domains\Google-Cache-Parsing\output\ukraine-and-world\events\telefonija-zadarma-predstavila-bezkoshtovni-videokonferentsiji-3892122.html  SQL INSERT N1 NOT WORKING Duplicate entry '3892122-1' for key 'PRIMARY'  is NULL
2021-04-09T17:21:32Z D:\openserver\OpenServer\domains\Google-Cache-Parsing\output\ukraine-and-world\events\u-zelenskogo-prdlojili-snizit-tarifi-dlya-kolomoyskogo-3883733.html  SQL INSERT N1 NOT WORKING Duplicate entry '3883733-1' for key 'PRIMARY'  is NULL
2021-04-09T17:21:33Z D:\openserver\OpenServer\domains\Google-Cache-Parsing\output\ukraine-and-world\events\uezzhat-ne-objazatelno-v-ukraine-mozhno-zarabatyvat-50-000-hrn-v-mesjats-3879961.html  SQL INSERT N1 NOT WORKING Duplicate entry '3879961-1' for key 'PRIMARY'  is NULL
2021-04-09T17:23:01Z D:\openserver\OpenServer\domains\Google-Cache-Parsing\output\ukraine-and-world\events\v-ukrajintsiv-zjavilasja-mozhlivist-zastrakhuvatisja-vid-raku-3891873.html  SQL INSERT N1 NOT WORKING Duplicate entry '3891873-1' for key 'PRIMARY'  is NULL
2021-04-09T17:23:21Z D:\openserver\OpenServer\domains\Google-Cache-Parsing\output\ukraine-and-world\events\vojny-net-kak-krjukovskij-vahonzavod-podpityvaet-ekonomiku-rf-3900430.html  SQL INSERT N1 NOT WORKING Duplicate entry '3900430-1' for key 'PRIMARY'  is NULL
2021-04-09T17:23:51Z D:\openserver\OpenServer\domains\Google-Cache-Parsing\output\ukraine-and-world\events\zelenskij-vvel-v-dejstvie-reshenie-snbo-o-zaprete-dvojnoho-hrazhdanstva-3900903.html  SQL INSERT N1 NOT WORKING Duplicate entry '3900903-1' for key 'PRIMARY'  is NULL
2021-04-09T17:27:20Z D:\openserver\OpenServer\domains\Google-Cache-Parsing\output\ukraine-and-world\power\-politoloh-sprohnoziroval-politicheskoe-budushchee-zelenskoho--3900324.html  SQL INSERT N1 NOT WORKING Duplicate entry '3900324-1' for key 'PRIMARY'  is NULL
2021-04-09T17:28:05Z D:\openserver\OpenServer\domains\Google-Cache-Parsing\output\ukraine-and-world\power\defitsit-vaktsiny-v-mire-shans-dlja-ukrainy-stat-moshchnym-ihrokom-naladiv-svoe-proizvodstvo-chaplyha-3898952.html  SQL INSERT N1 NOT WORKING Duplicate entry '3898952-1' for key 'PRIMARY'  is NULL
2021-04-09T17:32:16Z D:\openserver\OpenServer\domains\Google-Cache-Parsing\output\ukraine-and-world\power\pohromy-v-zdanii-konhressa-ssha-polnyj-proval-lehendy-o-demokratii-po-amerikanski-medvedchuk-3898972.html  SQL INSERT N1 NOT WORKING Duplicate entry '3898972-1' for key 'PRIMARY'  is NULL
2021-04-09T17:32:17Z D:\openserver\OpenServer\domains\Google-Cache-Parsing\output\ukraine-and-world\power\politoloh-sprohnoziroval-kto-mozhet-stat-sledujushchim-prezidentom-ukrainy-3899786.html  SQL INSERT N1 NOT WORKING Duplicate entry '3899786-1' for key 'PRIMARY'  is NULL
2021-04-09T17:33:25Z D:\openserver\OpenServer\domains\Google-Cache-Parsing\output\ukraine-and-world\power\reaktsija-mirovykh-smi-na-zapret-kanalov-hovorit-chto-zelenskij-ko-proihrali-skhvatku-medvedchuku-kurakin-3900406.html  SQL INSERT N1 NOT WORKING Duplicate entry '3900406-1' for key 'PRIMARY'  is NULL
2021-04-09T17:33:35Z D:\openserver\OpenServer\domains\Google-Cache-Parsing\output\ukraine-and-world\power\rossija-zhestko-otreahirovala-na-sanktsii-protiv-medvedchuka-ekspert-3900460.html  SQL INSERT N1 NOT WORKING Duplicate entry '3900460-1' for key 'PRIMARY'  is NULL
2021-04-09T17:33:54Z D:\openserver\OpenServer\domains\Google-Cache-Parsing\output\ukraine-and-world\power\sluha-naroda-predlahaet-edinstvennuju-kandidaturu-na-post-premer-ministra-3886088.html  SQL INSERT N1 NOT WORKING Duplicate entry '3886088-1' for key 'PRIMARY'  is NULL
2021-04-09T17:34:33Z D:\openserver\OpenServer\domains\Google-Cache-Parsing\output\ukraine-and-world\power\taras-kozak-rezultaty-terroristicheskoho-rassledovanija-sbu-hrjaznaja-lozh-3899847.html  SQL INSERT N1 NOT WORKING Duplicate entry '3899847-1' for key 'PRIMARY'  is NULL
2021-04-09T17:38:38Z D:\openserver\OpenServer\domains\Google-Cache-Parsing\output\ukraine-and-world\society\bolee-dvukh-millionov-ukraintsev-popali-v-reestr-dolzhnikov-3898418.html  SQL INSERT N1 NOT WORKING Duplicate entry '3898418-1' for key 'PRIMARY'  is NULL
2021-04-09T17:41:23Z D:\openserver\OpenServer\domains\Google-Cache-Parsing\output\ukraine-and-world\society\hranitnye-stoleshnitsy-roskosh-na-dolhie-hody-3899816.html  SQL INSERT N1 NOT WORKING Duplicate entry '3899816-1' for key 'PRIMARY'  is NULL
2021-04-09T17:42:40Z D:\openserver\OpenServer\domains\Google-Cache-Parsing\output\ukraine-and-world\society\kakie-izmenenija-s-1-marta-3900707.html  SQL INSERT N1 NOT WORKING Duplicate entry '3900707-1' for key 'PRIMARY'  is NULL
2021-04-09T17:48:33Z D:\openserver\OpenServer\domains\Google-Cache-Parsing\output\ukraine-and-world\society\pereschet-pensij-po-novomu-zakonu-chto-nuzhno-znat-3900441.html  SQL INSERT N1 NOT WORKING Duplicate entry '3900441-1' for key 'PRIMARY'  is NULL
2021-04-09T17:53:23Z D:\openserver\OpenServer\domains\Google-Cache-Parsing\output\ukraine-and-world\society\ukraine-sdelali-nenuzhnoj-spravku-o-sostave-semi-dlja-poluchenija-rjada-hosusluh-3897726.html  SQL INSERT N1 NOT WORKING Duplicate entry '3897726-1' for key 'PRIMARY'  is NULL
2021-04-09T17:59:51Z D:\openserver\OpenServer\domains\Google-Cache-Parsing\output\ukraine-and-world\society\v-ukraine-utverdili-pokazatel-srednej-zarplaty-dlja-rascheta-pensij-3891420-3891420 (2).html  SQL INSERT N1 NOT WORKING Duplicate entry '420-1' for key 'PRIMARY'  is NULL
2021-04-09T18:01:34Z D:\openserver\OpenServer\domains\Google-Cache-Parsing\output\ukraine-and-world\society\vokruh-oksany-marchenko-obedinjatsja-lidery-obshchestvennoho-mnenija-smi-3900976.html  SQL INSERT N1 NOT WORKING Duplicate entry '3900976-1' for key 'PRIMARY'  is NULL
2021-04-09T18:04:17Z D:\openserver\OpenServer\domains\Google-Cache-Parsing\output\ukraine-and-world\technology\ces-2019-samye-interesnye-hadzhety-i-tekhnolohii-predstavlennye-v-las-vehase-3879448 (2).html  SQL INSERT N1 NOT WORKING Duplicate entry '448-1' for key 'PRIMARY'  is NULL
2021-04-09T18:11:08Z D:\openserver\OpenServer\domains\Google-Cache-Parsing\output\ukraine-and-world\technology\smart-kirpich-samsung-predstavila-superzashchishchennyj-telefon-3887860.html  SQL INSERT N1 NOT WORKING Duplicate entry '3887860-1' for key 'PRIMARY'  is NULL
2021-04-10T22:16:25Z D:\openserver\OpenServer\domains\Google-Cache-Parsing\output\business-practice\restorany-smohut-puskat-klientov-vnutr-zavedenija-na-vykhodnykh-jurist-3897582.html  SQL INSERT N1 NOT WORKING Duplicate entry '3897582-1' for key 'PRIMARY'  is NULL
2021-04-10T22:16:57Z D:\openserver\OpenServer\domains\Google-Cache-Parsing\output\finances\banking-sector\16-ukrainskikh-bankov-pojmali-na-narushenijakh-v-kreditovanii-i-valjutnykh-operatsijakh-3886064.html  SQL INSERT N1 NOT WORKING Duplicate entry '3886064-1' for key 'PRIMARY'  is NULL
2021-04-10T22:18:10Z D:\openserver\OpenServer\domains\Google-Cache-Parsing\output\finances\banking-sector\bankovskaja-sistema-kitaja-okazalas-na-hrani-krakha-3883490.html  SQL INSERT N1 NOT WORKING Duplicate entry '3883490-1' for key 'PRIMARY'  is NULL
2021-04-10T22:19:49Z D:\openserver\OpenServer\domains\Google-Cache-Parsing\output\finances\banking-sector\imushchestvo-banka-poroshenko-reshili-rasprodat-3886607.html  SQL INSERT N1 NOT WORKING Duplicate entry '3886607-1' for key 'PRIMARY'  is NULL
2021-04-10T22:20:40Z D:\openserver\OpenServer\domains\Google-Cache-Parsing\output\finances\banking-sector\klienty-zhalujutsja-na-pridirchivost-privatbanka-a-natsbank-eho-shtrafuet-3883365.html  SQL INSERT N1 NOT WORKING Duplicate entry '3883365-1' for key 'PRIMARY'  is NULL
2021-04-10T22:21:23Z D:\openserver\OpenServer\domains\Google-Cache-Parsing\output\finances\banking-sector\ljudjam-vernut-denhi-perechislennye-za-den-do-zakrytija-banka-3884643.html  SQL INSERT N1 NOT WORKING Duplicate entry '3884643-1' for key 'PRIMARY'  is NULL
2021-04-10T22:24:11Z D:\openserver\OpenServer\domains\Google-Cache-Parsing\output\finances\banking-sector\nazvany-samye-populjarnye-sredi-ukraintsev-banki-dlja-operatsij-s-kriptovaljutoj-3894651.html  SQL INSERT N1 NOT WORKING Duplicate entry '3894651-1' for key 'PRIMARY'  is NULL
2021-04-10T22:25:04Z D:\openserver\OpenServer\domains\Google-Cache-Parsing\output\finances\banking-sector\obnaruzhena-opasnaja-ujazvimost-monobank-denhi-ukhodjat-so-schetov-v-nikuda-3895427.html  SQL INSERT N1 NOT WORKING Duplicate entry '3895427-1' for key 'PRIMARY'  is NULL
2021-04-10T22:27:52Z D:\openserver\OpenServer\domains\Google-Cache-Parsing\output\finances\banking-sector\sekretnyj-tsirkuljar-nbu-sprovotsiroval-banki-na-massovoe-narushenie-zakona-o-finmone-3895711.html  SQL INSERT N1 NOT WORKING Duplicate entry '3895711-1' for key 'PRIMARY'  is NULL
2021-04-10T22:29:05Z D:\openserver\OpenServer\domains\Google-Cache-Parsing\output\finances\banking-sector\ukraina-ukhodit-na-dlinnye-vykhodnye-kak-budut-rabotat-banki-3900762.html  SQL INSERT N1 NOT WORKING Duplicate entry '3900762-1' for key 'PRIMARY'  is NULL
2021-04-10T22:29:54Z D:\openserver\OpenServer\domains\Google-Cache-Parsing\output\finances\banking-sector\ukraintsev-pri-oplate-onlajn-budut-proverjat-chashche-koho-kosnetsja-i-cheho-zhdat-3900900.html  SQL INSERT N1 NOT WORKING Duplicate entry '3900900-1' for key 'PRIMARY'  is NULL
2021-04-10T22:32:43Z D:\openserver\OpenServer\domains\Google-Cache-Parsing\output\finances\banking-sector\zlostnymi-dolzhnikami-zajmetsja-spetssud-zato-kredity-sushchestvenno-podeshevejut-3900049.html  SQL INSERT N1 NOT WORKING Duplicate entry '3900049-1' for key 'PRIMARY'  is NULL
2021-04-10T22:34:31Z D:\openserver\OpenServer\domains\Google-Cache-Parsing\output\finances\exchange-market\chto-budet-s-kursom-dollara-posle-prezidentskikh-vyborov-3882102.html  SQL INSERT N1 NOT WORKING Duplicate entry '3882102-1' for key 'PRIMARY'  is NULL
2021-04-10T22:37:05Z D:\openserver\OpenServer\domains\Google-Cache-Parsing\output\finances\exchange-market\dollar-rezko-podorozhal-posle-toho-kak-valjutnyj-rynok-opustel-3882405.html  SQL INSERT N1 NOT WORKING Duplicate entry '3882405-1' for key 'PRIMARY'  is NULL
2021-04-10T22:40:01Z D:\openserver\OpenServer\domains\Google-Cache-Parsing\output\finances\exchange-market\kakim-budet-kurs-dollara-v-marte-i-nuzhno-li-budet-bezhat-v-obmenniki-3900640.html  SQL INSERT N1 NOT WORKING Duplicate entry '3900640-1' for key 'PRIMARY'  is NULL
2021-04-10T22:40:05Z D:\openserver\OpenServer\domains\Google-Cache-Parsing\output\finances\exchange-market\kakim-budet-kurs-valjut-21-dekabrja-3889348.html  SQL INSERT N1 NOT WORKING Duplicate entry '3889348-1' for key 'PRIMARY'  is NULL
2021-04-10T22:41:08Z D:\openserver\OpenServer\domains\Google-Cache-Parsing\output\finances\exchange-market\kurs-dollara-ponemnohu-otkatyvaetsja-posle-vcherashneho-vzleta-3881250.html  SQL INSERT N1 NOT WORKING Duplicate entry '3881250-1' for key 'PRIMARY'  is NULL
2021-04-10T22:45:28Z D:\openserver\OpenServer\domains\Google-Cache-Parsing\output\finances\exchange-market\skupka-ovhz-stremitelno-valit-dollar-kakim-budet-kurs-utrom-12-dekabrja-3889095.html  SQL INSERT N1 NOT WORKING Duplicate entry '3889095-1' for key 'PRIMARY'  is NULL
2021-04-10T22:46:02Z D:\openserver\OpenServer\domains\Google-Cache-Parsing\output\finances\exchange-market\sudbu-hrivny-privjazali-k-ukrainskim-dolham-3886244.html  SQL INSERT N1 NOT WORKING Duplicate entry '3886244-1' for key 'PRIMARY'  is NULL
2021-04-10T22:48:49Z D:\openserver\OpenServer\domains\Google-Cache-Parsing\output\finances\finance-ukraine\bez-paypal-ukraina-nachala-perehovory-s-rjadom-zarubezhnykh-platezhnykh-sistem-3893691.html  SQL INSERT N1 NOT WORKING Duplicate entry '3893691-1' for key 'PRIMARY'  is NULL
2021-04-10T22:48:57Z D:\openserver\OpenServer\domains\Google-Cache-Parsing\output\finances\finance-ukraine\bohatejshaja-v-mire-semja-zarabatyvaet-4-mln-v-chas-3885548.html  SQL INSERT N1 NOT WORKING Duplicate entry '3885548-1' for key 'PRIMARY'  is NULL
2021-04-10T22:49:02Z D:\openserver\OpenServer\domains\Google-Cache-Parsing\output\finances\finance-ukraine\chem-obernetsja-dlja-ukrainy-novoe-povyshenie-pensij-v-janvare-i-marte-2019-hoda-3879244.html  SQL INSERT N1 NOT WORKING Duplicate entry '3879244-1' for key 'PRIMARY'  is NULL
2021-04-10T22:49:10Z D:\openserver\OpenServer\domains\Google-Cache-Parsing\output\finances\finance-ukraine\denhi-na-rodinu-novye-sposoby-perevesti-zarabotki-iz-polshi-v-ukrainu-3879673.html  SQL INSERT N1 NOT WORKING Duplicate entry '3879673-1' for key 'PRIMARY'  is NULL
2021-04-10T22:49:57Z D:\openserver\OpenServer\domains\Google-Cache-Parsing\output\finances\finance-ukraine\hosprohramm-nedostatochno-malyj-biznes-poshel-za-pomoshchju-v-kreditnye-sojuzy-3900568.html  SQL INSERT N1 NOT WORKING Duplicate entry '3900568-1' for key 'PRIMARY'  is NULL
2021-04-10T22:50:11Z D:\openserver\OpenServer\domains\Google-Cache-Parsing\output\finances\finance-ukraine\kak-proverit-nomer-svoeho-scheta-iban-v-privat24-3885368.html  SQL INSERT N1 NOT WORKING Duplicate entry '3885368-1' for key 'PRIMARY'  is NULL
2021-04-10T22:50:20Z D:\openserver\OpenServer\domains\Google-Cache-Parsing\output\finances\finance-ukraine\kollektory-razbushevalis-kak-dat-im-otpor-3895901.html  SQL INSERT N1 NOT WORKING Duplicate entry '3895901-1' for key 'PRIMARY'  is NULL
2021-04-10T22:50:59Z D:\openserver\OpenServer\domains\Google-Cache-Parsing\output\finances\finance-ukraine\na-spasenie-naftohaza-napravjat-kovidnye-fondy-rehionov-3898672.html  SQL INSERT N1 NOT WORKING Duplicate entry '3898672-1' for key 'PRIMARY'  is NULL
2021-04-10T22:51:44Z D:\openserver\OpenServer\domains\Google-Cache-Parsing\output\finances\finance-ukraine\padenie-evro-i-dollara-k-chemu-privedet-rost-uchetnoj-stavki-nbu-vpervye-za-2-5-hoda-3900910.html  SQL INSERT N1 NOT WORKING Duplicate entry '3900910-1' for key 'PRIMARY'  is NULL
2021-04-10T22:51:50Z D:\openserver\OpenServer\domains\Google-Cache-Parsing\output\finances\finance-ukraine\pobediteli-i-pobezhdennye-kto-vyihral-i-proihral-iz-ukrainskoho-biznesa-na-pandemii-3900888.html  SQL INSERT N1 NOT WORKING Duplicate entry '3900888-1' for key 'PRIMARY'  is NULL
2021-04-10T22:54:40Z D:\openserver\OpenServer\domains\Google-Cache-Parsing\output\finances\finance-ukraine\virtualnye-aktivy-ili-realnye-vo-chto-vkladyvajut-denhi-chastnye-investory-3900885.html  SQL INSERT N1 NOT WORKING Duplicate entry '3900885-1' for key 'PRIMARY'  is NULL
2021-04-10T22:54:51Z D:\openserver\OpenServer\domains\Google-Cache-Parsing\output\finances\finance-ukraine\za-pervye-chetyre-mesjatsa-nalohoviki-naschitali-v-kieve-1255-millionerov-3892809.html  SQL INSERT N1 NOT WORKING Duplicate entry '3892809-1' for key 'PRIMARY'  is NULL
2021-04-10T22:55:44Z D:\openserver\OpenServer\domains\Google-Cache-Parsing\output\finances\macroeconomics-ukraine\bitva-za-premii-naftohaz-predlozhil-obvalit-hrivnu-3895746.html  SQL INSERT N1 NOT WORKING Duplicate entry '3895746-1' for key 'PRIMARY'  is NULL
2021-04-10T22:58:52Z D:\openserver\OpenServer\domains\Google-Cache-Parsing\output\finances\macroeconomics-ukraine\kupjury-do-2003-hoda-vypuska-i-25-kop-perestanut-prinimat-s-1-oktjabrja-3895646.html  SQL INSERT N1 NOT WORKING Duplicate entry '3895646-1' for key 'PRIMARY'  is NULL
2021-04-10T23:00:31Z D:\openserver\OpenServer\domains\Google-Cache-Parsing\output\finances\macroeconomics-ukraine\natsbank-podnjal-uchetnuju-stavku-vpervye-za-vosem-mesjatsev-3900876.html  SQL INSERT N1 NOT WORKING Duplicate entry '3900876-1' for key 'PRIMARY'  is NULL
2021-04-10T23:07:10Z D:\openserver\OpenServer\domains\Google-Cache-Parsing\output\finances\stock-market\chto-takoe-bitkoin-i-kak-zarabotat-na-kriptovaljutakh-3898877.html  SQL INSERT N1 NOT WORKING Duplicate entry '3898877-1' for key 'PRIMARY'  is NULL
2021-04-10T23:11:07Z D:\openserver\OpenServer\domains\Google-Cache-Parsing\output\finances\taxes\novye-scheta-esv-novye-rekvizity-esv-2021-dlja-uplaty-nalohov-3900432.html  SQL INSERT N1 NOT WORKING Duplicate entry '3900432-1' for key 'PRIMARY'  is NULL
2021-04-10T23:11:45Z D:\openserver\OpenServer\domains\Google-Cache-Parsing\output\finances\taxes\proshchaj-dekriminalizatsija-za-neuplatu-nalohov-i-esv-budut-sazhat-3900111.html  SQL INSERT N1 NOT WORKING Duplicate entry '3900111-1' for key 'PRIMARY'  is NULL
2021-04-10T23:12:01Z D:\openserver\OpenServer\domains\Google-Cache-Parsing\output\finances\taxes\s-ukraintsev-predlahajut-po-novomu-vzymat-ndfl-chto-pridumali-sluhi-naroda-3890428.html  SQL INSERT N1 NOT WORKING Duplicate entry '3890428-1' for key 'PRIMARY'  is NULL
2021-04-10T23:12:20Z D:\openserver\OpenServer\domains\Google-Cache-Parsing\output\finances\taxes\top-3-ihornye-kompanii-zhdut-reshenija-po-naloham-chtoby-zajti-v-ukrainu-3900677.html  SQL INSERT N1 NOT WORKING Duplicate entry '3900677-1' for key 'PRIMARY'  is NULL
2021-04-10T23:13:58Z D:\openserver\OpenServer\domains\Google-Cache-Parsing\output\finances\taxes\vesnoj-zhdite-shtraf-fopam-massovo-risujut-nesushchestvujushchie-dolhi-3900518.html  SQL INSERT N1 NOT WORKING Duplicate entry '3900518-1' for key 'PRIMARY'  is NULL
2021-04-10T23:14:43Z D:\openserver\OpenServer\domains\Google-Cache-Parsing\output\finances\zhilishhno-kommunalnoe-hozjajstvo\45-postavshchikov-haza-u-koho-vyhodnee-pokupat-3897174.html  SQL INSERT N1 NOT WORKING Duplicate entry '3897174-1' for key 'PRIMARY'  is NULL
2021-04-10T23:14:54Z D:\openserver\OpenServer\domains\Google-Cache-Parsing\output\finances\zhilishhno-kommunalnoe-hozjajstvo\bitva-za-vybory-dolhovoj-krizis-na-rynke-haza-ispolzuetsja-kak-instrument-v-politicheskoj-borbe-3896421.html  SQL INSERT N1 NOT WORKING Duplicate entry '3896421-1' for key 'PRIMARY'  is NULL
2021-04-10T23:14:57Z D:\openserver\OpenServer\domains\Google-Cache-Parsing\output\finances\zhilishhno-kommunalnoe-hozjajstvo\blekaut-2020-ukraintsev-zhdet-massovoe-otkljuchenie-ot-teplosnabzhenija-etoj-zimoj-3895329.html  SQL INSERT N1 NOT WORKING Duplicate entry '3895329-1' for key 'PRIMARY'  is NULL
2021-04-10T23:15:06Z D:\openserver\OpenServer\domains\Google-Cache-Parsing\output\finances\zhilishhno-kommunalnoe-hozjajstvo\chem-mohut-zakonchitsja-pereplaty-za-kommunalku-pered-povysheniem-tsen-na-haz-3882993.html  SQL INSERT N1 NOT WORKING Duplicate entry '3882993-1' for key 'PRIMARY'  is NULL
2021-04-10T23:15:16Z D:\openserver\OpenServer\domains\Google-Cache-Parsing\output\finances\zhilishhno-kommunalnoe-hozjajstvo\dolhi-za-haz-iz-vozdukha-v-proshlom-oblhazy-otmenili-koeffitsienty-privedenija-k-standartnym-uslovijam-3900227.html  SQL INSERT N1 NOT WORKING Duplicate entry '3900227-1' for key 'PRIMARY'  is NULL
2021-04-10T23:15:31Z D:\openserver\OpenServer\domains\Google-Cache-Parsing\output\finances\zhilishhno-kommunalnoe-hozjajstvo\haz-perestanut-schitat-v-kubakh-v-platezhkakh-eho-stoimost-vyrastet-3894024.html  SQL INSERT N1 NOT WORKING Duplicate entry '3894024-1' for key 'PRIMARY'  is NULL
2021-04-10T23:15:46Z D:\openserver\OpenServer\domains\Google-Cache-Parsing\output\finances\zhilishhno-kommunalnoe-hozjajstvo\hazovyj-dtek-naftohaz-nachal-zakhvatyvat-rynok-teploenerhetiki-3895556.html  SQL INSERT N1 NOT WORKING Duplicate entry '3895556-1' for key 'PRIMARY'  is NULL
2021-04-10T23:15:48Z D:\openserver\OpenServer\domains\Google-Cache-Parsing\output\finances\zhilishhno-kommunalnoe-hozjajstvo\hazsbyty-prodajut-v-minus-skidku-na-haz-oplatjat-iz-svoikh-karmanov-vse-ukraintsy-3899939.html  SQL INSERT N1 NOT WORKING Duplicate entry '3899939-1' for key 'PRIMARY'  is NULL
2021-04-10T23:17:01Z D:\openserver\OpenServer\domains\Google-Cache-Parsing\output\finances\zhilishhno-kommunalnoe-hozjajstvo\klientov-otrezajut-ot-setej-hazovaja-vojna-za-peredel-rynka-pereshla-v-sudebnuju-ploskost-3900516.html  SQL INSERT N1 NOT WORKING Duplicate entry '3900516-1' for key 'PRIMARY'  is NULL
2021-04-10T23:17:14Z D:\openserver\OpenServer\domains\Google-Cache-Parsing\output\finances\zhilishhno-kommunalnoe-hozjajstvo\konets-monopolii-naftohaza-ukraintsy-poluchat-haz-cherez-birzhu-3893737.html  SQL INSERT N1 NOT WORKING Duplicate entry '3893737-1' for key 'PRIMARY'  is NULL
2021-04-10T23:18:00Z D:\openserver\OpenServer\domains\Google-Cache-Parsing\output\finances\zhilishhno-kommunalnoe-hozjajstvo\naftohaz-tolkaet-haz-k-podorozhaniju-do-8-hrn-3895915.html  SQL INSERT N1 NOT WORKING Duplicate entry '3895915-1' for key 'PRIMARY'  is NULL
2021-04-10T23:18:18Z D:\openserver\OpenServer\domains\Google-Cache-Parsing\output\finances\zhilishhno-kommunalnoe-hozjajstvo\nkreku-peredumala-kak-podorozhajut-hazovye-platezhki-s-1-ijulja-po-oblastjam-3893898.html  SQL INSERT N1 NOT WORKING Duplicate entry '3893898-1' for key 'PRIMARY'  is NULL
2021-04-10T23:18:20Z D:\openserver\OpenServer\domains\Google-Cache-Parsing\output\finances\zhilishhno-kommunalnoe-hozjajstvo\nkreku-vpervye-lishila-litsenzii-postavshchika-haza-voroval-klientov-3900215.html  SQL INSERT N1 NOT WORKING Duplicate entry '3900215-1' for key 'PRIMARY'  is NULL
2021-04-10T23:18:25Z D:\openserver\OpenServer\domains\Google-Cache-Parsing\output\finances\zhilishhno-kommunalnoe-hozjajstvo\novaja-tsena-na-haz-uzhe-s-fevralja-kak-vitrenko-sobralsja-snizhat-platezhki-na-44-3899057.html  SQL INSERT N1 NOT WORKING Duplicate entry '3899057-1' for key 'PRIMARY'  is NULL
2021-04-10T23:19:04Z D:\openserver\OpenServer\domains\Google-Cache-Parsing\output\finances\zhilishhno-kommunalnoe-hozjajstvo\platezhki-za-fevral-2021-hoda-pochemu-ne-stoit-zhdat-skidok-ot-pravitelstva-3900742.html  SQL INSERT N1 NOT WORKING Duplicate entry '3900742-1' for key 'PRIMARY'  is NULL
2021-04-10T23:19:06Z D:\openserver\OpenServer\domains\Google-Cache-Parsing\output\finances\zhilishhno-kommunalnoe-hozjajstvo\platezhki-za-teplo-diskont-v-500-hrn-uzhe-ne-spaset-3899246.html  SQL INSERT N1 NOT WORKING Duplicate entry '3899246-1' for key 'PRIMARY'  is NULL
2021-04-10T23:19:14Z D:\openserver\OpenServer\domains\Google-Cache-Parsing\output\finances\zhilishhno-kommunalnoe-hozjajstvo\podorozhanie-na-200-naftohaz-sprovotsiroval-bespretsedentnyj-skachok-tsen-na-haz-dlja-naselenija-3897103.html  SQL INSERT N1 NOT WORKING Duplicate entry '3897103-1' for key 'PRIMARY'  is NULL
2021-04-10T23:19:39Z D:\openserver\OpenServer\domains\Google-Cache-Parsing\output\finances\zhilishhno-kommunalnoe-hozjajstvo\preview-kommunalnye-platezhki-pridut-ukraintsam-v-novom-vide-hlavnye-njuansy-3883998.html  SQL INSERT N1 NOT WORKING Duplicate entry '3883998-1' for key 'PRIMARY'  is NULL
2021-04-10T23:19:45Z D:\openserver\OpenServer\domains\Google-Cache-Parsing\output\finances\zhilishhno-kommunalnoe-hozjajstvo\rehuljator-objazal-vsekh-postavshchikov-pokazat-hodovye-tarify-na-haz-do-25-aprelja-3900923.html  SQL INSERT N1 NOT WORKING Duplicate entry '3900923-1' for key 'PRIMARY'  is NULL
2021-04-10T23:19:57Z D:\openserver\OpenServer\domains\Google-Cache-Parsing\output\finances\zhilishhno-kommunalnoe-hozjajstvo\schetchik-ne-spaset-v-2020-hodu-za-haz-pridetsja-platit-dazhe-bez-eho-potreblenija-3889488.html  SQL INSERT N1 NOT WORKING Duplicate entry '3889488-1' for key 'PRIMARY'  is NULL
2021-04-10T23:22:13Z D:\openserver\OpenServer\domains\Google-Cache-Parsing\output\finances\zhilishhno-kommunalnoe-hozjajstvo\v-2019-hodu-tsena-za-haz-okazalas-neopravdanno-zavyshena-na-33-a-tarify-na-otoplenie-na-25-rassledovanie-3891328.html  SQL INSERT N1 NOT WORKING Duplicate entry '3891328-1' for key 'PRIMARY'  is NULL
2021-04-10T23:22:34Z D:\openserver\OpenServer\domains\Google-Cache-Parsing\output\finances\zhilishhno-kommunalnoe-hozjajstvo\v-kieve-rasschitali-povyshennye-kommunalnye-tarify-i-hotovjatsja-ikh-utverdit-3881355.html  SQL INSERT N1 NOT WORKING Duplicate entry '3881355-1' for key 'PRIMARY'  is NULL
2021-04-10T23:22:58Z D:\openserver\OpenServer\domains\Google-Cache-Parsing\output\finances\zhilishhno-kommunalnoe-hozjajstvo\v-ukraine-izmenili-normy-potreblenija-haza-dlja-naselenija-3880756.html  SQL INSERT N1 NOT WORKING Duplicate entry '3880756-1' for key 'PRIMARY'  is NULL
2021-04-10T23:23:46Z D:\openserver\OpenServer\domains\Google-Cache-Parsing\output\finances\zhilishhno-kommunalnoe-hozjajstvo\za-chetyre-hoda-tsena-haza-vyrosla-v-10-raz-cheho-zhdat-v-otopitelnyj-sezon-2020-3896707.html  SQL INSERT N1 NOT WORKING Duplicate entry '3896707-1' for key 'PRIMARY'  is NULL
2021-04-10T23:23:51Z D:\openserver\OpenServer\domains\Google-Cache-Parsing\output\finances\zhilishhno-kommunalnoe-hozjajstvo\zakonoproekt-3800-napisan-v-ukrtranshaze-zamhlavy-komiteta-rady-3895844.html  SQL INSERT N1 NOT WORKING Duplicate entry '3895844-1' for key 'PRIMARY'  is NULL
2021-04-10T23:23:58Z D:\openserver\OpenServer\domains\Google-Cache-Parsing\output\finances\zhilishhno-kommunalnoe-hozjajstvo\zelenskij-khochet-otmenit-formulu-rotterdam-3883733.html  SQL INSERT N1 NOT WORKING Duplicate entry '3883733-1' for key 'PRIMARY'  is NULL
2021-04-10T23:24:57Z D:\openserver\OpenServer\domains\Google-Cache-Parsing\output\labor-market\life-at-work\litva-uproshchaet-trudoustrojstvo-inostrantsam-preimushchestva-i-riski-dlja-ukraintsev-3884759.html  SQL INSERT N1 NOT WORKING Duplicate entry '3884759-1' for key 'PRIMARY'  is NULL
2021-04-10T23:26:30Z D:\openserver\OpenServer\domains\Google-Cache-Parsing\output\labor-market\ukrainian-labor-market\koho-ukrainskie-rabotodateli-budut-iskat-chashche-vseho-vesnoj-3900958.html  SQL INSERT N1 NOT WORKING Duplicate entry '3900958-1' for key 'PRIMARY'  is NULL
2021-04-10T23:29:08Z D:\openserver\OpenServer\domains\Google-Cache-Parsing\output\labor-market\ukrainian-labor-market\vakansii-na-ubrua-3900364.html  SQL INSERT N1 NOT WORKING Duplicate entry '3900364-1' for key 'PRIMARY'  is NULL
2021-04-10T23:29:11Z D:\openserver\OpenServer\domains\Google-Cache-Parsing\output\labor-market\ukrainian-labor-market\vtoraja-pensija-200-kak-poluchit-nadbavku-posle-nakopitelnoj-reformy-kotoraja-zatronet-vsekh-3899328.html  SQL INSERT N1 NOT WORKING Duplicate entry '3899328-1' for key 'PRIMARY'  is NULL
2021-04-10T23:31:31Z D:\openserver\OpenServer\domains\Google-Cache-Parsing\output\leisure\10-samykh-hromkikh-serialnykh-premer-ijulja-3884584.html  SQL INSERT N1 NOT WORKING Duplicate entry '3884584-1' for key 'PRIMARY'  is NULL
2021-04-10T23:32:20Z D:\openserver\OpenServer\domains\Google-Cache-Parsing\output\leisure\health\plasticheskaja-khirurhija-hrudi-vse-chto-nado-znat-ob-operatsii-3889329.html  SQL INSERT N1 NOT WORKING Duplicate entry '3889329-1' for key 'PRIMARY'  is NULL
2021-04-10T23:32:36Z D:\openserver\OpenServer\domains\Google-Cache-Parsing\output\leisure\health\vsja-pravda-o-korejskoj-kosmetike-3897911.html  SQL INSERT N1 NOT WORKING Duplicate entry '3897911-1' for key 'PRIMARY'  is NULL
2021-04-10T23:33:12Z D:\openserver\OpenServer\domains\Google-Cache-Parsing\output\leisure\kino-na-valentina-10-romanticheskikh-filmov-dlja-dvoikh-3880216.html  SQL INSERT N1 NOT WORKING Duplicate entry '3880216-1' for key 'PRIMARY'  is NULL
2021-04-10T23:33:26Z D:\openserver\OpenServer\domains\Google-Cache-Parsing\output\leisure\style\dveri-dlja-doma-hde-kupit-3898992.html  SQL INSERT N1 NOT WORKING Duplicate entry '3898992-1' for key 'PRIMARY'  is NULL
2021-04-10T23:34:12Z D:\openserver\OpenServer\domains\Google-Cache-Parsing\output\leisure\travel\turoperatory-budut-rabotat-s-minimalnoj-marzhoj-skolko-ukraintsy-zaplatjat-za-letnij-otdykh-v-2021-m-3899624.html  SQL INSERT N1 NOT WORKING Duplicate entry '3899624-1' for key 'PRIMARY'  is NULL
2021-04-10T23:35:03Z D:\openserver\OpenServer\domains\Google-Cache-Parsing\output\market\agricultural-market\denhi-ot-prodazhi-zemli-v-hosbjudzhet-postupat-ne-budut-3886850.html  SQL INSERT N1 NOT WORKING Duplicate entry '3886850-1' for key 'PRIMARY'  is NULL
2021-04-10T23:39:31Z D:\openserver\OpenServer\domains\Google-Cache-Parsing\output\market\auto\eksperty-sostavili-top-10-poderzhannykh-hibridnykh-i-elektrokarov-tsenoju-do-20-tys-3896191.html  SQL INSERT N1 NOT WORKING Duplicate entry '3896191-1' for key 'PRIMARY'  is NULL
2021-04-10T23:40:42Z D:\openserver\OpenServer\domains\Google-Cache-Parsing\output\market\auto\kakie-novye-krossovery-pojavilis-v-ukraine-i-za-skolko-mozhno-kupit-3900820.html  SQL INSERT N1 NOT WORKING Duplicate entry '3900820-1' for key 'PRIMARY'  is NULL
2021-04-10T23:41:54Z D:\openserver\OpenServer\domains\Google-Cache-Parsing\output\market\auto\nazvan-luchshij-avtomobil-hoda-3882059.html  SQL INSERT N1 NOT WORKING Duplicate entry '3882059-1' for key 'PRIMARY'  is NULL
2021-04-10T23:42:11Z D:\openserver\OpenServer\domains\Google-Cache-Parsing\output\market\auto\nazvany-populjarnye-avtomobili-kotorye-luchshe-nikohda-ne-pokupat-3887146.html  SQL INSERT N1 NOT WORKING Duplicate entry '3887146-1' for key 'PRIMARY'  is NULL
2021-04-10T23:43:16Z D:\openserver\OpenServer\domains\Google-Cache-Parsing\output\market\auto\porsche-predstavila-novoe-pokolenie-sportkara-911-targa-3892884.html  SQL INSERT N1 NOT WORKING Duplicate entry '3892884-1' for key 'PRIMARY'  is NULL
2021-04-10T23:43:37Z D:\openserver\OpenServer\domains\Google-Cache-Parsing\output\market\auto\rehistratsii-novykh-avto-dlja-biznesa-rezko-sokratilis-kto-chashche-poluchal-propisku-3891823.html  SQL INSERT N1 NOT WORKING Duplicate entry '3891823-1' for key 'PRIMARY'  is NULL
2021-04-10T23:48:56Z D:\openserver\OpenServer\domains\Google-Cache-Parsing\output\market\industrial\asbest-svojstva-primenenie-vred-i-kharakteristiki-minerala-3878232.html  SQL INSERT N1 NOT WORKING Duplicate entry '3878232-1' for key 'PRIMARY'  is NULL
2021-04-10T23:50:10Z D:\openserver\OpenServer\domains\Google-Cache-Parsing\output\market\industrial\hazovyj-krestovyj-pokhod-naftohaz-otkryl-novyj-front-v-vojne-na-rynke-haza-3896235.html  SQL INSERT N1 NOT WORKING Duplicate entry '3896235-1' for key 'PRIMARY'  is NULL
2021-04-10T23:50:16Z D:\openserver\OpenServer\domains\Google-Cache-Parsing\output\market\industrial\hlava-naftohaza-kobolev-chetyre-hoda-poluchaet-premii-ne-vypolnjaja-kpi-ekspert-3899796.html  SQL INSERT N1 NOT WORKING Duplicate entry '3899796-1' for key 'PRIMARY'  is NULL
2021-04-10T23:51:50Z D:\openserver\OpenServer\domains\Google-Cache-Parsing\output\market\industrial\naftohaz-otdeljat-ot-hosudarstva-kobolev-stoit-dorozhe-nabsoveta-ukrzaliznytsi-3896978.html  SQL INSERT N1 NOT WORKING Duplicate entry '3896978-1' for key 'PRIMARY'  is NULL
2021-04-10T23:53:20Z D:\openserver\OpenServer\domains\Google-Cache-Parsing\output\market\industrial\privatizatsija-ukrainskikh-spirtzavodov-pochemu-investory-terjajut-milliony-3900713.html  SQL INSERT N1 NOT WORKING Duplicate entry '3900713-1' for key 'PRIMARY'  is NULL
2021-04-10T23:55:33Z D:\openserver\OpenServer\domains\Google-Cache-Parsing\output\market\industrial\ukraina-opjat-zaprosila-avarijnuju-pomoshch-iz-belarusi-iz-za-ostanovki-enerhoblokov-tes-akhmetova-smi-3899784.html  SQL INSERT N1 NOT WORKING Duplicate entry '3899784-1' for key 'PRIMARY'  is NULL
2021-04-11T00:00:06Z D:\openserver\OpenServer\domains\Google-Cache-Parsing\output\market\real-estate\arenda-kievskikh-kvartir-za-hod-podorozhala-na-20-kakikh-tsen-zhdat-v-2019-m-3879716.html  SQL INSERT N1 NOT WORKING Duplicate entry '3879716-1' for key 'PRIMARY'  is NULL
2021-04-11T00:00:47Z D:\openserver\OpenServer\domains\Google-Cache-Parsing\output\market\real-estate\doma-ukrbuda-sdajut-nedostroennymi-investory-pishut-pretenzii-v-kievhorstroj-3895879.html  SQL INSERT N1 NOT WORKING Duplicate entry '3895879-1' for key 'PRIMARY'  is NULL
2021-04-11T00:01:33Z D:\openserver\OpenServer\domains\Google-Cache-Parsing\output\market\real-estate\kak-poluchit-kredit-na-zhile-v-2021-m-poshahovaja-instruktsija-3900523.html  SQL INSERT N1 NOT WORKING Duplicate entry '3900523-1' for key 'PRIMARY'  is NULL
2021-04-11T00:01:50Z D:\openserver\OpenServer\domains\Google-Cache-Parsing\output\market\real-estate\kievhorstroj-ne-prinimaet-dokumenty-ukrbudovtsev-zhitlo-kapital-3899953.html  SQL INSERT N1 NOT WORKING Duplicate entry '3899953-1' for key 'PRIMARY'  is NULL
2021-04-11T00:01:50Z D:\openserver\OpenServer\domains\Google-Cache-Parsing\output\market\real-estate\kievhorstroj-ne-vzjal-pered-ukrbudovtsami-objazatelstv-zastrojshchika-ffs-3900957.html  SQL INSERT N1 NOT WORKING Duplicate entry '3900957-1' for key 'PRIMARY'  is NULL
2021-04-11T00:01:50Z D:\openserver\OpenServer\domains\Google-Cache-Parsing\output\market\real-estate\kievhorstroj-ne-znaet-komu-ranshe-byli-prodany-kvartiry-ukrbuda-3899947.html  SQL INSERT N1 NOT WORKING Duplicate entry '3899947-1' for key 'PRIMARY'  is NULL
2021-04-11T00:01:52Z D:\openserver\OpenServer\domains\Google-Cache-Parsing\output\market\real-estate\kievhorstroj-otkazalsja-ot-svoikh-objazannostej-po-oformleniju-prav-sobstvennosti-ukrbudovtsev-3899881.html  SQL INSERT N1 NOT WORKING Duplicate entry '3899881-1' for key 'PRIMARY'  is NULL
2021-04-11T00:01:54Z D:\openserver\OpenServer\domains\Google-Cache-Parsing\output\market\real-estate\kievhorstroj-provalil-sdachu-puskovoj-pjaterki-ukrbuda-rynok-pervichki-ostanavlivaetsja-3896360.html  SQL INSERT N1 NOT WORKING Duplicate entry '3896360-1' for key 'PRIMARY'  is NULL
2021-04-11T00:01:56Z D:\openserver\OpenServer\domains\Google-Cache-Parsing\output\market\real-estate\kievhorstroj-sdaet-doma-bez-elektrichestva-hasi-ne-prinimaet-3897405.html  SQL INSERT N1 NOT WORKING Duplicate entry '3897405-1' for key 'PRIMARY'  is NULL
2021-04-11T00:01:57Z D:\openserver\OpenServer\domains\Google-Cache-Parsing\output\market\real-estate\kievhorstroj-snosit-detskij-sadik-chtoby-vstavit-lishnjuju-svechku-v-zhk-akadempark-3900848.html  SQL INSERT N1 NOT WORKING Duplicate entry '3900848-1' for key 'PRIMARY'  is NULL
2021-04-11T00:01:57Z D:\openserver\OpenServer\domains\Google-Cache-Parsing\output\market\real-estate\kievhorstroj-stroit-odnovremenno-27-zhk-tolko-v-kieve-hlava-kompanii-3899733.html  SQL INSERT N1 NOT WORKING Duplicate entry '3899733-1' for key 'PRIMARY'  is NULL
2021-04-11T00:02:55Z D:\openserver\OpenServer\domains\Google-Cache-Parsing\output\market\real-estate\nesmotrja-na-ohranichenija-chastju-ukrainskoj-zemli-vladejut-ssha-i-saudovskaja-aravija-3886169.html  SQL INSERT N1 NOT WORKING Duplicate entry '3886169-1' for key 'PRIMARY'  is NULL
2021-04-11T00:03:18Z D:\openserver\OpenServer\domains\Google-Cache-Parsing\output\market\real-estate\pokupatelej-kvartir-budut-vnosit-v-reestr-investorov-3897743.html  SQL INSERT N1 NOT WORKING Duplicate entry '3897743-1' for key 'PRIMARY'  is NULL
2021-04-11T00:03:44Z D:\openserver\OpenServer\domains\Google-Cache-Parsing\output\market\real-estate\rejderskij-zakhvat-v-ukraine-skhemy-i-metody-kak-zashchitit-imushchestvo-3900768.html  SQL INSERT N1 NOT WORKING Duplicate entry '3900768-1' for key 'PRIMARY'  is NULL
2021-04-11T00:04:10Z D:\openserver\OpenServer\domains\Google-Cache-Parsing\output\market\real-estate\slozhnosti-u-kievhorstroja-byli-vyzvany-lokdaunom-hlava-kompanii-3899678.html  SQL INSERT N1 NOT WORKING Duplicate entry '3899678-1' for key 'PRIMARY'  is NULL
2021-04-11T00:04:29Z D:\openserver\OpenServer\domains\Google-Cache-Parsing\output\market\real-estate\stroit-bankrot-kto-podstavil-ukrbudovtsev-i-obestsenil-ikh-prava-3900811.html  SQL INSERT N1 NOT WORKING Duplicate entry '3900811-1' for key 'PRIMARY'  is NULL
2021-04-11T00:05:37Z D:\openserver\OpenServer\domains\Google-Cache-Parsing\output\market\real-estate\ukrbud-vypotroshili-ischezla-tekhnika-i-sotni-hotovykh-kvartir-na-75-mln-mikitas-3896190.html  SQL INSERT N1 NOT WORKING Duplicate entry '3896190-1' for key 'PRIMARY'  is NULL
2021-04-11T00:05:37Z D:\openserver\OpenServer\domains\Google-Cache-Parsing\output\market\real-estate\ukrbudovtsy-ne-poluchat-prava-sobstvennosti-na-zhile-ot-kievhorstroja-3899837.html  SQL INSERT N1 NOT WORKING Duplicate entry '3899837-1' for key 'PRIMARY'  is NULL
2021-04-11T00:05:38Z D:\openserver\OpenServer\domains\Google-Cache-Parsing\output\market\real-estate\ukrbudovtsy-okazyvali-davlenie-chtoby-byl-podpisan-nepolnotsennyj-dohovor-s-kievhorstroem-ffs-3900955.html  SQL INSERT N1 NOT WORKING Duplicate entry '3900955-1' for key 'PRIMARY'  is NULL
2021-04-11T00:06:42Z D:\openserver\OpenServer\domains\Google-Cache-Parsing\output\market\real-estate\v-ukraine-massovo-zakryvajutsja-hostinitsy-i-khostely-3891672.html  SQL INSERT N1 NOT WORKING Duplicate entry '3891672-1' for key 'PRIMARY'  is NULL
2021-04-11T00:07:12Z D:\openserver\OpenServer\domains\Google-Cache-Parsing\output\market\real-estate\vinovat-kievhorstroj-hasi-objasnila-prichiny-zaderzhki-v-sdache-zhk-ukrbuda-3900094.html  SQL INSERT N1 NOT WORKING Duplicate entry '3900094-1' for key 'PRIMARY'  is NULL
2021-04-11T00:07:32Z D:\openserver\OpenServer\domains\Google-Cache-Parsing\output\market\real-estate\vykupit-tekhpasport-u-zastrojshchika-novye-pravila-oformlenija-prav-sobstvennosti-dlja-ukrbudovtsev-3900285.html  SQL INSERT N1 NOT WORKING Duplicate entry '3900285-1' for key 'PRIMARY'  is NULL
2021-04-11T00:07:33Z D:\openserver\OpenServer\domains\Google-Cache-Parsing\output\market\real-estate\za-dokumentami-na-kvartiry-prikhoditsja-pobehat-komu-iz-ukrbudovtsev-ne-povezlo-s-zastrojshchikom-3900767.html  SQL INSERT N1 NOT WORKING Duplicate entry '3900767-1' for key 'PRIMARY'  is NULL
2021-04-11T00:07:34Z D:\openserver\OpenServer\domains\Google-Cache-Parsing\output\market\real-estate\zabyli-ob-invalidakh-hasi-otkazala-kievhorstroju-vo-vvode-v-ekspluatatsiju-ukrbudovskoho-zhk-3897644.html  SQL INSERT N1 NOT WORKING Duplicate entry '3897644-1' for key 'PRIMARY'  is NULL
2021-04-11T00:07:47Z D:\openserver\OpenServer\domains\Google-Cache-Parsing\output\market\real-estate\zemlja-i-kvartiry-pod-kievom-dorozhajut-3887613.html  SQL INSERT N1 NOT WORKING Duplicate entry '3887613-1' for key 'PRIMARY'  is NULL
2021-04-11T00:08:53Z D:\openserver\OpenServer\domains\Google-Cache-Parsing\output\market\telecom\hrjadet-bolshoj-tv-peredel-zachem-sobstvenniku-kievstara-onlajn-kinoteatr-megogo-3896199.html  SQL INSERT N1 NOT WORKING Duplicate entry '3896199-1' for key 'PRIMARY'  is NULL
2021-04-11T00:09:17Z D:\openserver\OpenServer\domains\Google-Cache-Parsing\output\market\telecom\kakimi-tarifami-poradujut-mobilnye-operatory-na-novyj-hod-3889421.html  SQL INSERT N1 NOT WORKING Duplicate entry '3889421-1' for key 'PRIMARY'  is NULL
2021-04-11T00:10:30Z D:\openserver\OpenServer\domains\Google-Cache-Parsing\output\market\telecom\lifecell-zapustil-novyj-bezlimitnyj-paket-3881419.html  SQL INSERT N1 NOT WORKING Duplicate entry '3881419-1' for key 'PRIMARY'  is NULL
2021-04-11T00:11:33Z D:\openserver\OpenServer\domains\Google-Cache-Parsing\output\market\telecom\pervym-v-ukraine-smenil-operatora-s-sokhraneniem-nomera-abonent-lifecell-3882490.html  SQL INSERT N1 NOT WORKING Duplicate entry '3882490-1' for key 'PRIMARY'  is NULL
2021-04-11T00:12:23Z D:\openserver\OpenServer\domains\Google-Cache-Parsing\output\market\telecom\sputnikovoe-tv-viasat-uprostil-nastrojku-tarelok-3892522.html  SQL INSERT N1 NOT WORKING Duplicate entry '3892522-1' for key 'PRIMARY'  is NULL
2021-04-11T00:15:39Z D:\openserver\OpenServer\domains\Google-Cache-Parsing\output\market\trade\defitsit-vesennikh-tsvetov-skolko-budut-stoit-tjulpany-na-8-marta-3900809.html  SQL INSERT N1 NOT WORKING Duplicate entry '3900809-1' for key 'PRIMARY'  is NULL
2021-04-11T00:16:53Z D:\openserver\OpenServer\domains\Google-Cache-Parsing\output\market\trade\izvestnaja-set-mahazinov-elektroniki-uklonjalas-ot-uplaty-nalohov-ispolzuja-skhemu-s-fopami-3898538.html  SQL INSERT N1 NOT WORKING Duplicate entry '3898538-1' for key 'PRIMARY'  is NULL
2021-04-11T00:17:48Z D:\openserver\OpenServer\domains\Google-Cache-Parsing\output\market\trade\koronavirus-atakuet-stoit-li-ukraintsam-opasatsja-defitsita-hadzhetov-i-rosta-tsen-na-nikh-3890566.html  SQL INSERT N1 NOT WORKING Duplicate entry '3890566-1' for key 'PRIMARY'  is NULL
2021-04-11T00:20:08Z D:\openserver\OpenServer\domains\Google-Cache-Parsing\output\market\trade\postavki-ukrainskoj-pshenitsy-rukhnuli-vtroe-iz-za-vvedennykh-ohranichenij-3891907.html  SQL INSERT N1 NOT WORKING Duplicate entry '3891907-1' for key 'PRIMARY'  is NULL
2021-04-11T00:21:35Z D:\openserver\OpenServer\domains\Google-Cache-Parsing\output\market\trade\skandalnaja-pokupka-doli-v-tsitruse-kak-pokupateljam-auknetsja-zakhod-v-kompaniju-korbana-3900832.html  SQL INSERT N1 NOT WORKING Duplicate entry '3900832-1' for key 'PRIMARY'  is NULL
2021-04-11T00:26:04Z D:\openserver\OpenServer\domains\Google-Cache-Parsing\output\market\trade\v-ukrainu-massovo-zavozjat-deshevuju-svininu-iz-danii-i-polshi-v-chem-prichiny-3900874.html  SQL INSERT N1 NOT WORKING Duplicate entry '3900874-1' for key 'PRIMARY'  is NULL
2021-04-11T00:28:05Z D:\openserver\OpenServer\domains\Google-Cache-Parsing\output\market\transport\dvizhenie-po-prospektu-pobedy-v-kieve-ohranichat-s-13-aprelja-3881892.html  SQL INSERT N1 NOT WORKING Duplicate entry '3881892-1' for key 'PRIMARY'  is NULL
2021-04-11T00:30:43Z D:\openserver\OpenServer\domains\Google-Cache-Parsing\output\market\transport\metro-na-vinohradar-kievmetrostroj-preodolel-ocherednuju-otmetku-tonnelja-do-stantsii-syrets-video-foto-3899770.html  SQL INSERT N1 NOT WORKING Duplicate entry '3899770-1' for key 'PRIMARY'  is NULL
2021-04-11T00:33:20Z D:\openserver\OpenServer\domains\Google-Cache-Parsing\output\market\transport\skryvajut-nomernye-znaki-ot-kamer-voditelej-nachali-shtrafovat-za-uklonenie-ot-avtofiksatsii-3893567.html  SQL INSERT N1 NOT WORKING Duplicate entry '3893567-1' for key 'PRIMARY'  is NULL
2021-04-11T00:35:20Z D:\openserver\OpenServer\domains\Google-Cache-Parsing\output\market\transport\ukrzaliznytsja-budet-povyshat-tseny-ezhekvartalno-3884394.html  SQL INSERT N1 NOT WORKING Duplicate entry '3884394-1' for key 'PRIMARY'  is NULL
2021-04-11T00:36:55Z D:\openserver\OpenServer\domains\Google-Cache-Parsing\output\market\transport\v-kieve-planirujut-rekonstruktsiju-privokzalnoj-ploshchadi-3881275.html  SQL INSERT N1 NOT WORKING Duplicate entry '3881275-1' for key 'PRIMARY'  is NULL
2021-04-11T00:39:33Z D:\openserver\OpenServer\domains\Google-Cache-Parsing\output\ukraine-and-world\events\aleksej-venediktov-nelzja-zakryvat-smi-potomu-chto-prezident-schitaet-chto-oni-ne-rabotajut-na-neho-3899960.html  SQL INSERT N1 NOT WORKING Duplicate entry '3899960-1' for key 'PRIMARY'  is NULL
2021-04-11T00:39:53Z D:\openserver\OpenServer\domains\Google-Cache-Parsing\output\ukraine-and-world\events\bezpechne-povitrja-vdoma-i-v-ofisi-dopomozhe-ochisnik-daikin-3899008.html  SQL INSERT N1 NOT WORKING Duplicate entry '3899008-1' for key 'PRIMARY'  is NULL
2021-04-11T00:40:07Z D:\openserver\OpenServer\domains\Google-Cache-Parsing\output\ukraine-and-world\events\choho-ne-varto-robiti-koli-oformljajete-kredit-4-pomilki-3896990.html  SQL INSERT N1 NOT WORKING Duplicate entry '3896990-1' for key 'PRIMARY'  is NULL
2021-04-11T00:40:10Z D:\openserver\OpenServer\domains\Google-Cache-Parsing\output\ukraine-and-world\events\demohrafichne-divo-polohovoho-budinku-leleka-3899714.html  SQL INSERT N1 NOT WORKING Duplicate entry '3899714-1' for key 'PRIMARY'  is NULL
2021-04-11T00:40:45Z D:\openserver\OpenServer\domains\Google-Cache-Parsing\output\ukraine-and-world\events\fiskalizatsija-i-rabota-v-pravovom-pole-vybor-v-polzu-tsivilizatsii-i-blahosostojanija-hosudarstva-3900727.html  SQL INSERT N1 NOT WORKING Duplicate entry '3900727-1' for key 'PRIMARY'  is NULL
2021-04-11T00:41:23Z D:\openserver\OpenServer\domains\Google-Cache-Parsing\output\ukraine-and-world\events\jazykovoj-zakon-i-chto-delat-s-sajtom-3899181.html  SQL INSERT N1 NOT WORKING Duplicate entry '3899181-1' for key 'PRIMARY'  is NULL
2021-04-11T00:41:33Z D:\openserver\OpenServer\domains\Google-Cache-Parsing\output\ukraine-and-world\events\kak-karantin-pomoh-podol-hrad-vintazh-i-druhim-nezakonnym-strojkam-zakhvatit-kiev-3891791.html  SQL INSERT N1 NOT WORKING Duplicate entry '3891791-1' for key 'PRIMARY'  is NULL
2021-04-11T00:41:34Z D:\openserver\OpenServer\domains\Google-Cache-Parsing\output\ukraine-and-world\events\kak-pravilno-oformit-nasledstvo-3899160.html  SQL INSERT N1 NOT WORKING Duplicate entry '3899160-1' for key 'PRIMARY'  is NULL
2021-04-11T00:41:34Z D:\openserver\OpenServer\domains\Google-Cache-Parsing\output\ukraine-and-world\events\kak-prodavat-na-amazon-3897838.html  SQL INSERT N1 NOT WORKING Duplicate entry '3897838-1' for key 'PRIMARY'  is NULL
2021-04-11T00:41:56Z D:\openserver\OpenServer\domains\Google-Cache-Parsing\output\ukraine-and-world\events\kompanija-mars-vidkrila-eksperimentalnij-mahazin-mms-jakim-mozhna-prohuljatisja-onlajn-3900241.html  SQL INSERT N1 NOT WORKING Duplicate entry '3900241-1' for key 'PRIMARY'  is NULL
2021-04-11T00:42:09Z D:\openserver\OpenServer\domains\Google-Cache-Parsing\output\ukraine-and-world\events\loterei-tormozjat-lehalizatsiju-ihornoho-biznesa-skupaja-dzhinsu-protiv-konkurentov-3890247.html  SQL INSERT N1 NOT WORKING Duplicate entry '3890247-1' for key 'PRIMARY'  is NULL
2021-04-11T00:42:17Z D:\openserver\OpenServer\domains\Google-Cache-Parsing\output\ukraine-and-world\events\medvedchuk-oboshel-poroshenko-v-alternativnom-oprose-sotsmonitorinha-3899734.html  SQL INSERT N1 NOT WORKING Duplicate entry '3899734-1' for key 'PRIMARY'  is NULL
2021-04-11T00:42:24Z D:\openserver\OpenServer\domains\Google-Cache-Parsing\output\ukraine-and-world\events\mirovye-smi-shiroko-obsuzhdajut-vozmozhnost-proizvodstva-vaktsiny-v-ukraine-3898954.html  SQL INSERT N1 NOT WORKING Duplicate entry '3898954-1' for key 'PRIMARY'  is NULL
2021-04-11T00:44:19Z D:\openserver\OpenServer\domains\Google-Cache-Parsing\output\ukraine-and-world\events\rada-partii-sotsopros-rts-3894198.html  SQL INSERT N1 NOT WORKING Duplicate entry '3894198-1' for key 'PRIMARY'  is NULL
2021-04-11T00:45:30Z D:\openserver\OpenServer\domains\Google-Cache-Parsing\output\ukraine-and-world\events\telefonija-zadarma-predstavila-bezkoshtovni-videokonferentsiji-3892122.html  SQL INSERT N1 NOT WORKING Duplicate entry '3892122-1' for key 'PRIMARY'  is NULL
2021-04-11T00:45:44Z D:\openserver\OpenServer\domains\Google-Cache-Parsing\output\ukraine-and-world\events\u-zelenskogo-prdlojili-snizit-tarifi-dlya-kolomoyskogo-3883733.html  SQL INSERT N1 NOT WORKING Duplicate entry '3883733-1' for key 'PRIMARY'  is NULL
2021-04-11T00:45:45Z D:\openserver\OpenServer\domains\Google-Cache-Parsing\output\ukraine-and-world\events\uezzhat-ne-objazatelno-v-ukraine-mozhno-zarabatyvat-50-000-hrn-v-mesjats-3879961.html  SQL INSERT N1 NOT WORKING Duplicate entry '3879961-1' for key 'PRIMARY'  is NULL
2021-04-11T00:47:00Z D:\openserver\OpenServer\domains\Google-Cache-Parsing\output\ukraine-and-world\events\v-ukrajintsiv-zjavilasja-mozhlivist-zastrakhuvatisja-vid-raku-3891873.html  SQL INSERT N1 NOT WORKING Duplicate entry '3891873-1' for key 'PRIMARY'  is NULL
2021-04-11T00:47:17Z D:\openserver\OpenServer\domains\Google-Cache-Parsing\output\ukraine-and-world\events\vojny-net-kak-krjukovskij-vahonzavod-podpityvaet-ekonomiku-rf-3900430.html  SQL INSERT N1 NOT WORKING Duplicate entry '3900430-1' for key 'PRIMARY'  is NULL
2021-04-11T00:47:42Z D:\openserver\OpenServer\domains\Google-Cache-Parsing\output\ukraine-and-world\events\zelenskij-vvel-v-dejstvie-reshenie-snbo-o-zaprete-dvojnoho-hrazhdanstva-3900903.html  SQL INSERT N1 NOT WORKING Duplicate entry '3900903-1' for key 'PRIMARY'  is NULL
2021-04-11T00:50:41Z D:\openserver\OpenServer\domains\Google-Cache-Parsing\output\ukraine-and-world\power\-politoloh-sprohnoziroval-politicheskoe-budushchee-zelenskoho--3900324.html  SQL INSERT N1 NOT WORKING Duplicate entry '3900324-1' for key 'PRIMARY'  is NULL
2021-04-11T00:51:18Z D:\openserver\OpenServer\domains\Google-Cache-Parsing\output\ukraine-and-world\power\defitsit-vaktsiny-v-mire-shans-dlja-ukrainy-stat-moshchnym-ihrokom-naladiv-svoe-proizvodstvo-chaplyha-3898952.html  SQL INSERT N1 NOT WORKING Duplicate entry '3898952-1' for key 'PRIMARY'  is NULL
2021-04-11T00:54:52Z D:\openserver\OpenServer\domains\Google-Cache-Parsing\output\ukraine-and-world\power\pohromy-v-zdanii-konhressa-ssha-polnyj-proval-lehendy-o-demokratii-po-amerikanski-medvedchuk-3898972.html  SQL INSERT N1 NOT WORKING Duplicate entry '3898972-1' for key 'PRIMARY'  is NULL
2021-04-11T00:54:53Z D:\openserver\OpenServer\domains\Google-Cache-Parsing\output\ukraine-and-world\power\politoloh-sprohnoziroval-kto-mozhet-stat-sledujushchim-prezidentom-ukrainy-3899786.html  SQL INSERT N1 NOT WORKING Duplicate entry '3899786-1' for key 'PRIMARY'  is NULL
2021-04-11T00:55:05Z D:\openserver\OpenServer\domains\Google-Cache-Parsing\output\ukraine-and-world\power\posle-vyborov-11-partij-poluchat-565-mln-hrn-iz-hosbjudzheta-3884911.html  SQL INSERT N1 NOT WORKING Duplicate entry '3884911-1' for key 'PRIMARY'  is NULL
2021-04-11T00:55:51Z D:\openserver\OpenServer\domains\Google-Cache-Parsing\output\ukraine-and-world\power\reaktsija-mirovykh-smi-na-zapret-kanalov-hovorit-chto-zelenskij-ko-proihrali-skhvatku-medvedchuku-kurakin-3900406.html  SQL INSERT N1 NOT WORKING Duplicate entry '3900406-1' for key 'PRIMARY'  is NULL
2021-04-11T00:55:59Z D:\openserver\OpenServer\domains\Google-Cache-Parsing\output\ukraine-and-world\power\rossija-zhestko-otreahirovala-na-sanktsii-protiv-medvedchuka-ekspert-3900460.html  SQL INSERT N1 NOT WORKING Duplicate entry '3900460-1' for key 'PRIMARY'  is NULL
2021-04-11T00:56:16Z D:\openserver\OpenServer\domains\Google-Cache-Parsing\output\ukraine-and-world\power\sluha-naroda-predlahaet-edinstvennuju-kandidaturu-na-post-premer-ministra-3886088.html  SQL INSERT N1 NOT WORKING Duplicate entry '3886088-1' for key 'PRIMARY'  is NULL
2021-04-11T00:56:49Z D:\openserver\OpenServer\domains\Google-Cache-Parsing\output\ukraine-and-world\power\taras-kozak-rezultaty-terroristicheskoho-rassledovanija-sbu-hrjaznaja-lozh-3899847.html  SQL INSERT N1 NOT WORKING Duplicate entry '3899847-1' for key 'PRIMARY'  is NULL
2021-04-11T01:01:22Z D:\openserver\OpenServer\domains\Google-Cache-Parsing\output\ukraine-and-world\society\100-hriven-za-pachku-kak-deputaty-budut-borotsja-s-kureniem-3882827.html  SQL INSERT N1 NOT WORKING Duplicate entry '3882827-1' for key 'PRIMARY'  is NULL
2021-04-11T01:02:13Z D:\openserver\OpenServer\domains\Google-Cache-Parsing\output\ukraine-and-world\society\bolee-dvukh-millionov-ukraintsev-popali-v-reestr-dolzhnikov-3898418.html  SQL INSERT N1 NOT WORKING Duplicate entry '3898418-1' for key 'PRIMARY'  is NULL
2021-04-11T01:04:33Z D:\openserver\OpenServer\domains\Google-Cache-Parsing\output\ukraine-and-world\society\hranitnye-stoleshnitsy-roskosh-na-dolhie-hody-3899816.html  SQL INSERT N1 NOT WORKING Duplicate entry '3899816-1' for key 'PRIMARY'  is NULL
2021-04-11T01:05:38Z D:\openserver\OpenServer\domains\Google-Cache-Parsing\output\ukraine-and-world\society\kakie-izmenenija-s-1-marta-3900707.html  SQL INSERT N1 NOT WORKING Duplicate entry '3900707-1' for key 'PRIMARY'  is NULL
2021-04-11T01:06:25Z D:\openserver\OpenServer\domains\Google-Cache-Parsing\output\ukraine-and-world\society\kievskie-shkoly-massovo-zakryvajut-na-karantin-3880073.html  SQL INSERT N1 NOT WORKING Duplicate entry '3880073-1' for key 'PRIMARY'  is NULL
2021-04-11T01:09:27Z D:\openserver\OpenServer\domains\Google-Cache-Parsing\output\ukraine-and-world\society\novaja-pochta-nachala-dostavljat-posylki-iz-kitaja-poezdom-3892360.html  SQL INSERT N1 NOT WORKING Duplicate entry '3892360-1' for key 'PRIMARY'  is NULL
2021-04-11T01:09:35Z D:\openserver\OpenServer\domains\Google-Cache-Parsing\output\ukraine-and-world\society\novyj-hod-2020-vo-skolko-ukraintsam-obojdetsja-prazdnik-3888523.html  SQL INSERT N1 NOT WORKING Duplicate entry '3888523-1' for key 'PRIMARY'  is NULL
2021-04-11T01:10:38Z D:\openserver\OpenServer\domains\Google-Cache-Parsing\output\ukraine-and-world\society\pereschet-pensij-po-novomu-zakonu-chto-nuzhno-znat-3900441.html  SQL INSERT N1 NOT WORKING Duplicate entry '3900441-1' for key 'PRIMARY'  is NULL
2021-04-11T01:14:53Z D:\openserver\OpenServer\domains\Google-Cache-Parsing\output\ukraine-and-world\society\ukraine-sdelali-nenuzhnoj-spravku-o-sostave-semi-dlja-poluchenija-rjada-hosusluh-3897726.html  SQL INSERT N1 NOT WORKING Duplicate entry '3897726-1' for key 'PRIMARY'  is NULL
2021-04-11T01:19:14Z D:\openserver\OpenServer\domains\Google-Cache-Parsing\output\ukraine-and-world\society\v-ukraine-khotjat-povysit-pomoshch-pri-rozhdenii-rebenka-3883930.html  SQL INSERT N1 NOT WORKING Duplicate entry '3883930-1' for key 'PRIMARY'  is NULL
2021-04-11T01:20:27Z D:\openserver\OpenServer\domains\Google-Cache-Parsing\output\ukraine-and-world\society\v-ukraine-utverdili-pokazatel-srednej-zarplaty-dlja-rascheta-pensij-3891420-3891420.html  SQL INSERT N1 NOT WORKING Duplicate entry '3891420-1' for key 'PRIMARY'  is NULL
2021-04-11T01:21:54Z D:\openserver\OpenServer\domains\Google-Cache-Parsing\output\ukraine-and-world\society\vokruh-oksany-marchenko-obedinjatsja-lidery-obshchestvennoho-mnenija-smi-3900976.html  SQL INSERT N1 NOT WORKING Duplicate entry '3900976-1' for key 'PRIMARY'  is NULL
2021-04-11T01:24:06Z D:\openserver\OpenServer\domains\Google-Cache-Parsing\output\ukraine-and-world\technology\bolshe-jader-i-djujmov-kakie-smartfony-dejstvitelno-nuzhny-potrebiteljam-3892656.html  SQL INSERT N1 NOT WORKING Duplicate entry '3892656-1' for key 'PRIMARY'  is NULL
2021-04-11T01:24:14Z D:\openserver\OpenServer\domains\Google-Cache-Parsing\output\ukraine-and-world\technology\ces-2019-samye-interesnye-hadzhety-i-tekhnolohii-predstavlennye-v-las-vehase-3879448.html  SQL INSERT N1 NOT WORKING Duplicate entry '3879448-1' for key 'PRIMARY'  is NULL
2021-04-11T01:26:58Z D:\openserver\OpenServer\domains\Google-Cache-Parsing\output\ukraine-and-world\technology\kitajskaja-kompanija-postroit-novyj-most-cherez-dnepr-v-zaporozhe-3887619.html  SQL INSERT N1 NOT WORKING Duplicate entry '3887619-1' for key 'PRIMARY'  is NULL
2021-04-11T01:29:59Z D:\openserver\OpenServer\domains\Google-Cache-Parsing\output\ukraine-and-world\technology\skolko-poterjal-rynok-oblakov-v-ukraine-iz-za-nesovershennoho-zakonodatelstva-3890493.html  SQL INSERT N1 NOT WORKING Duplicate entry '3890493-1' for key 'PRIMARY'  is NULL
2021-04-11T01:30:06Z D:\openserver\OpenServer\domains\Google-Cache-Parsing\output\ukraine-and-world\technology\smart-kirpich-samsung-predstavila-superzashchishchennyj-telefon-3887860.html  SQL INSERT N1 NOT WORKING Duplicate entry '3887860-1' for key 'PRIMARY'  is NULL
2021-04-11T01:31:57Z D:\openserver\OpenServer\domains\Google-Cache-Parsing\output\ukraine-and-world\technology\v-google-sozdali-henij-diktofon-dlja-pixel-4-kak-eto-rabotaet-3887570.html  SQL INSERT N1 NOT WORKING Duplicate entry '3887570-1' for key 'PRIMARY'  is NULL
