2021-03-16T14:07:59Z need to change proxy
2021-03-16T14:16:34Z need to change proxy
2021-03-16T14:16:34Zhttps://webcache.googleusercontent.com/search?q=cache:https://ubr.ua/finances/exchange-market/kakim-budet-kurs-dollara-v-marte-i-nuzhno-li-budet-bezhat-v-obmenniki-3900640 no such article in cache
2021-03-16T14:18:01Zhttps://webcache.googleusercontent.com/search?q=cache:https://ubr.ua/ukraine-and-world/society/internet-mahazin-rozetka-oshtrafovali-za-prodazhu-opasnykh-tovarov-3881223 no such article in cache
2021-03-16T14:25:27Z need to change proxy
2021-03-16T14:31:22Zhttps://webcache.googleusercontent.com/search?q=cache:https://ubr.ua/finances/zhilishhno-kommunalnoe-hozjajstvo/kievljanam-otkazyvajut-v-subsidijakh-nazvany-osnovnye-prichiny-3880749 no such article in cache
2021-03-16T14:34:23Z need to change proxy
2021-03-16T14:38:25Zhttps://webcache.googleusercontent.com/search?q=cache:https://ubr.ua/market/media-market/nado-delitsja-pochemu-na-sputnike-pojavjatsja-besplatnye-ukrainskie-telekanaly-3891041 no such article in cache
2021-03-16T14:38:39Zhttps://webcache.googleusercontent.com/search?q=cache:https://ubr.ua/market/auto/v-ukraine-rezko-vyros-spros-na-novye-avto-nazvan-novyj-lider-3890290 no such article in cache
2021-03-16T14:40:48Zhttps://webcache.googleusercontent.com/search?q=cache:https://ubr.ua/finances/zhilishhno-kommunalnoe-hozjajstvo/poluchateli-subsidij-budut-platit-za-komusluhi-bolshe-3887639 no such article in cache
2021-03-16T14:43:34Z need to change proxy
2021-03-16T14:52:19Z need to change proxy
2021-03-16T14:57:05Z need to change proxy
2021-03-16T14:57:06Z need to change proxy
2021-03-16T14:57:07Z need to change proxy
2021-03-16T14:57:07Z need to change proxy
2021-03-16T14:57:08Z need to change proxy
2021-03-16T14:57:09Z need to change proxy
2021-03-16T14:59:52Zhttps://webcache.googleusercontent.com/search?q=cache:https://ubr.ua/ukraine-and-world/society/v-ukraine-zarabotala-elektronnaja-trudovaja-knizhka-3889530 no such article in cache
2021-03-16T15:02:30Z need to change proxy
2021-03-16T15:03:36Zhttps://webcache.googleusercontent.com/search?q=cache:https://ubr.ua/finances/banking-sector/natsbank-na-dva-mesjatsa-otsrochil-okonchatelnyj-perevod-ukraintsev-na-novye-scheta-3887080 no such article in cache
2021-03-16T15:04:14Zhttps://webcache.googleusercontent.com/search?q=cache:https://ubr.ua/ukraine-and-world/technology/google-udalit-akkaunty-millionov-polzovatelej-3880029 no such article in cache
2021-03-16T15:07:22Z need to change proxy
2021-03-16T15:12:44Z need to change proxy
2021-03-16T15:13:52Zhttps://webcache.googleusercontent.com/search?q=cache:https://ubr.ua/finances/banking-sector/banki-avtomaticheski-hasjat-dolhi-klientov-za-schet-denezhnykh-perevodov-3898971 no such article in cache
2021-03-16T15:17:48Z need to change proxy
2021-03-16T15:18:39Zhttps://webcache.googleusercontent.com/search?q=cache:https://ubr.ua/finances/exchange-market/kakim-budet-kurs-dollara-21-27-dekabrja-3898591 no such article in cache
2021-03-16T15:22:39Z need to change proxy
2021-03-16T15:23:39Zhttps://webcache.googleusercontent.com/search?q=cache:https://ubr.ua/finances/exchange-market/kakoj-kurs-dollara-v-pjatnitsu-5-marta-3900952 no such article in cache
2021-03-16T15:24:30Zhttps://webcache.googleusercontent.com/search?q=cache:https://ubr.ua/market/auto/top-10-populjarnejshikh-avto-v-kieve-chto-pokupali-v-2019-hodu-3889120 no such article in cache
2021-03-16T15:27:37Z need to change proxy
2021-03-16T15:29:31Zhttps://webcache.googleusercontent.com/search?q=cache:https://ubr.ua/ukraine-and-world/technology/kak-zamenit-akkumuljator-v-smartfone-s-nesemnoj-batareej-3886844 no such article in cache
2021-03-16T15:32:18Z need to change proxy
2021-03-16T15:37:20Z need to change proxy
2021-03-16T15:39:14Zhttps://webcache.googleusercontent.com/search?q=cache:https://ubr.ua/market/auto/avtohrazhdanka-po-novomu-ukrainskim-voditeljam-perepisali-pravila-3880464 no such article in cache
2021-03-16T15:42:38Z need to change proxy
2021-03-16T15:43:11Zhttps://webcache.googleusercontent.com/search?q=cache:https://ubr.ua/finances/finance-ukraine/bohatejshaja-v-mire-semja-zarabatyvaet-4-mln-v-chas-3885548 no such article in cache
2021-03-16T15:45:20Zhttps://webcache.googleusercontent.com/search?q=cache:https://ubr.ua/ukraine-and-world/society/v-ukraine-utverdili-pokazatel-srednej-zarplaty-dlja-rascheta-pensij-3891420-3891420 no such article in cache
2021-03-16T15:46:22Zhttps://webcache.googleusercontent.com/search?q=cache:https://ubr.ua/finances/finance-ukraine/kollektory-razbushevalis-kak-dat-im-otpor-3895901 no such article in cache
2021-03-16T15:47:31Z need to change proxy
2021-03-16T15:48:18Zhttps://webcache.googleusercontent.com/search?q=cache:https://ubr.ua/ukraine-and-world/technology/v-kakikh-hosudarstvakh-vse-eshche-populjarny-knopochnye-telefony-3880286 no such article in cache
2021-03-16T15:52:36Z need to change proxy
2021-03-16T15:53:18Zhttps://webcache.googleusercontent.com/search?q=cache:https://ubr.ua/finances/banking-sector/kak-dohovarivatsja-s-kreditnymi-dolzhnikami-bankam-napisali-novye-pravila-3879440 no such article in cache
2021-03-16T15:53:36Zhttps://webcache.googleusercontent.com/search?q=cache:https://ubr.ua/finances/banking-sector/imushchestvo-banka-poroshenko-reshili-rasprodat-3886607 no such article in cache
2021-03-16T15:57:35Z need to change proxy
2021-03-16T15:58:24Zhttps://webcache.googleusercontent.com/search?q=cache:https://ubr.ua/finances/zhilishhno-kommunalnoe-hozjajstvo/v-ukraine-razreshili-ispolzovat-diodnye-lampochki-3881151 no such article in cache
2021-03-16T15:58:34Zhttps://webcache.googleusercontent.com/search?q=cache:https://ubr.ua/finances/banking-sector/privat_video5-3879787 no such article in cache
2021-03-16T16:01:35Zhttps://webcache.googleusercontent.com/search?q=cache:https://ubr.ua/ukraine-and-world/society/v-kieve-ustanovili-rekord-po-kolichestvu-evakuirovannykh-za-den-avtomobilej-3890807 no such article in cache
2021-03-16T16:02:15Zhttps://webcache.googleusercontent.com/search?q=cache:https://ubr.ua/ukraine-and-world/society/pasport-po-novomu-v-ukraine-vveli-mezhdunarodnyj-standart-foto-i-podpisi-3885936 no such article in cache
2021-03-16T16:02:41Z need to change proxy
2021-03-16T16:05:00Zhttps://webcache.googleusercontent.com/search?q=cache:https://ubr.ua/market/trade/apple-v-ukraine-chistka-seroho-rynka-ajfonov-nachalas-3893230 no such article in cache
2021-03-16T16:07:27Z need to change proxy
2021-03-16T16:07:27Z all proxy banned for today
